<?xml version="1.0" encoding="UTF-8"?>
<!-- Generated by org.testng.reporters.JUnitXMLReporter -->
<testsuite hostname="Dell-PC" ignored="16" name="Default test" tests="21" failures="5" timestamp="27 Apr 2017 15:48:24 GMT" time="117.317" errors="0">
  <testcase name="Login" time="14.604" classname="enhancement.LightingAM_User"/>
  <testcase name="AMUserSearch" time="19.345" classname="enhancement.LightingAM_User"/>
  <testcase name="AMUserDetails" time="3.789" classname="enhancement.LightingAM_User"/>
  <testcase name="AMUserLogin" time="10.753" classname="enhancement.LightingAM_User"/>
  <testcase name="Opportunities" time="5.067" classname="enhancement.LightingAM_User"/>
  <testcase name="CreateOpportunity" time="1.782" classname="enhancement.LightingAM_User"/>
  <testcase name="CreateNewOpportunity" time="10.427" classname="enhancement.LightingAM_User">
    <failure type="org.openqa.selenium.StaleElementReferenceException" message="stale element reference: element is not attached to the page document
  (Session info: chrome=57.0.2987.133)
  (Driver info: chromedriver=2.28.455520 (cc17746adff54984afff480136733114c6b3704b),platform=Windows NT 6.1.7601 SP1 x86_64) (WARNING: The server did not provide any stacktrace information)
Command duration or timeout: 13 milliseconds
For documentation on this error, please visit: http://seleniumhq.org/exceptions/stale_element_reference.html
Build info: version: &amp;apos;unknown&amp;apos;, revision: &amp;apos;b526bd5&amp;apos;, time: &amp;apos;2017-03-07 11:11:07 -0800&amp;apos;
System info: host: &amp;apos;DELL-PC&amp;apos;, ip: &amp;apos;192.168.1.79&amp;apos;, os.name: &amp;apos;Windows 7&amp;apos;, os.arch: &amp;apos;amd64&amp;apos;, os.version: &amp;apos;6.1&amp;apos;, java.version: &amp;apos;1.8.0_121&amp;apos;
Driver info: org.openqa.selenium.chrome.ChromeDriver
Capabilities [{applicationCacheEnabled=false, rotatable=false, mobileEmulationEnabled=false, networkConnectionEnabled=false, chrome={chromedriverVersion=2.28.455520 (cc17746adff54984afff480136733114c6b3704b), userDataDir=C:\Users\Dell\AppData\Local\Temp\scoped_dir6300_29242}, takesHeapSnapshot=true, pageLoadStrategy=normal, databaseEnabled=false, handlesAlerts=true, hasTouchScreen=false, version=57.0.2987.133, platform=XP, browserConnectionEnabled=false, nativeEvents=true, acceptSslCerts=true, locationContextEnabled=true, webStorageEnabled=true, browserName=chrome, takesScreenshot=true, javascriptEnabled=true, cssSelectorsEnabled=true, unexpectedAlertBehaviour=}]
Session ID: 6f1c4c9a99e3512f8d94f162f3f6d17e">
      <![CDATA[org.openqa.selenium.StaleElementReferenceException: stale element reference: element is not attached to the page document
  (Session info: chrome=57.0.2987.133)
  (Driver info: chromedriver=2.28.455520 (cc17746adff54984afff480136733114c6b3704b),platform=Windows NT 6.1.7601 SP1 x86_64) (WARNING: The server did not provide any stacktrace information)
Command duration or timeout: 13 milliseconds
For documentation on this error, please visit: http://seleniumhq.org/exceptions/stale_element_reference.html
Build info: version: 'unknown', revision: 'b526bd5', time: '2017-03-07 11:11:07 -0800'
System info: host: 'DELL-PC', ip: '192.168.1.79', os.name: 'Windows 7', os.arch: 'amd64', os.version: '6.1', java.version: '1.8.0_121'
Driver info: org.openqa.selenium.chrome.ChromeDriver
Capabilities [{applicationCacheEnabled=false, rotatable=false, mobileEmulationEnabled=false, networkConnectionEnabled=false, chrome={chromedriverVersion=2.28.455520 (cc17746adff54984afff480136733114c6b3704b), userDataDir=C:\Users\Dell\AppData\Local\Temp\scoped_dir6300_29242}, takesHeapSnapshot=true, pageLoadStrategy=normal, databaseEnabled=false, handlesAlerts=true, hasTouchScreen=false, version=57.0.2987.133, platform=XP, browserConnectionEnabled=false, nativeEvents=true, acceptSslCerts=true, locationContextEnabled=true, webStorageEnabled=true, browserName=chrome, takesScreenshot=true, javascriptEnabled=true, cssSelectorsEnabled=true, unexpectedAlertBehaviour=}]
Session ID: 6f1c4c9a99e3512f8d94f162f3f6d17e
	at sun.reflect.NativeConstructorAccessorImpl.newInstance0(Native Method)
	at sun.reflect.NativeConstructorAccessorImpl.newInstance(Unknown Source)
	at sun.reflect.DelegatingConstructorAccessorImpl.newInstance(Unknown Source)
	at java.lang.reflect.Constructor.newInstance(Unknown Source)
	at org.openqa.selenium.remote.ErrorHandler.createThrowable(ErrorHandler.java:216)
	at org.openqa.selenium.remote.ErrorHandler.throwIfResponseFailed(ErrorHandler.java:168)
	at org.openqa.selenium.remote.RemoteWebDriver.execute(RemoteWebDriver.java:638)
	at org.openqa.selenium.remote.RemoteWebElement.execute(RemoteWebElement.java:274)
	at org.openqa.selenium.remote.RemoteWebElement.click(RemoteWebElement.java:84)
	at enhancement.LightingAM_User.CreateNewOpportunity(LightingAM_User.java:143)
	at sun.reflect.NativeMethodAccessorImpl.invoke0(Native Method)
	at sun.reflect.NativeMethodAccessorImpl.invoke(Unknown Source)
	at sun.reflect.DelegatingMethodAccessorImpl.invoke(Unknown Source)
	at java.lang.reflect.Method.invoke(Unknown Source)
	at org.testng.internal.MethodInvocationHelper.invokeMethod(MethodInvocationHelper.java:108)
	at org.testng.internal.Invoker.invokeMethod(Invoker.java:661)
	at org.testng.internal.Invoker.invokeTestMethod(Invoker.java:869)
	at org.testng.internal.Invoker.invokeTestMethods(Invoker.java:1193)
	at org.testng.internal.TestMethodWorker.invokeTestMethods(TestMethodWorker.java:126)
	at org.testng.internal.TestMethodWorker.run(TestMethodWorker.java:109)
	at org.testng.TestRunner.privateRun(TestRunner.java:744)
	at org.testng.TestRunner.run(TestRunner.java:602)
	at org.testng.SuiteRunner.runTest(SuiteRunner.java:380)
	at org.testng.SuiteRunner.runSequentially(SuiteRunner.java:375)
	at org.testng.SuiteRunner.privateRun(SuiteRunner.java:340)
	at org.testng.SuiteRunner.run(SuiteRunner.java:289)
	at org.testng.SuiteRunnerWorker.runSuite(SuiteRunnerWorker.java:52)
	at org.testng.SuiteRunnerWorker.run(SuiteRunnerWorker.java:86)
	at org.testng.TestNG.runSuitesSequentially(TestNG.java:1301)
	at org.testng.TestNG.runSuitesLocally(TestNG.java:1226)
	at org.testng.TestNG.runSuites(TestNG.java:1144)
	at org.testng.TestNG.run(TestNG.java:1115)
	at org.testng.remote.AbstractRemoteTestNG.run(AbstractRemoteTestNG.java:132)
	at org.testng.remote.RemoteTestNG.initAndRun(RemoteTestNG.java:230)
	at org.testng.remote.RemoteTestNG.main(RemoteTestNG.java:76)
]]>
    </failure>
  </testcase> <!-- CreateNewOpportunity -->
  <testcase name="TenantName" time="12.876" classname="enhancement.LightingAM_User"/>
  <testcase name="Units" time="3.079" classname="enhancement.LightingAM_User"/>
  <testcase name="Analysis" time="4.851" classname="enhancement.LightingAM_User"/>
  <testcase name="ClickAnalysis" time="2.249" classname="enhancement.LightingAM_User"/>
  <testcase name="NewAnalysis" time="3.377" classname="enhancement.LightingAM_User"/>
  <testcase name="UnitsAndSetup" time="4.068" classname="enhancement.LightingAM_User"/>
  <testcase name="Budget" time="2.237" classname="enhancement.LightingAM_User"/>
  <testcase name="RentsAndIncentive" time="4.414" classname="enhancement.LightingAM_User"/>
  <testcase name="Securities" time="2.782" classname="enhancement.LightingAM_User"/>
  <testcase name="SaveAnalysis" time="2.238" classname="enhancement.LightingAM_User"/>
  <testcase name="LaunchAnalysis" time="2.18" classname="enhancement.LightingAM_User">
    <failure type="org.openqa.selenium.WebDriverException" message="unknown error: Element &amp;lt;iframe id=&amp;quot;iframeLeaseAnalysis&amp;quot; frameborder=&amp;quot;0&amp;quot; height=&amp;quot;972px&amp;quot; width=&amp;quot;100%&amp;quot; src=&amp;quot;/apex/SPA_LeaseAnalysis?opportunityId=0066C000004hMpGQAU&amp;quot; cd_frame_id_=&amp;quot;5addd9d387ff74055c34b9702d82fca2&amp;quot;&amp;gt;&amp;lt;/iframe&amp;gt; is not clickable at point (664, 45). Other element would receive the click: &amp;lt;div class=&amp;quot;slds-spinner_container&amp;quot; id=&amp;quot;pageBlocker&amp;quot; style=&amp;quot;position:fixed !important;&amp;quot;&amp;gt;...&amp;lt;/div&amp;gt;
  (Session info: chrome=57.0.2987.133)
  (Driver info: chromedriver=2.28.455520 (cc17746adff54984afff480136733114c6b3704b),platform=Windows NT 6.1.7601 SP1 x86_64) (WARNING: The server did not provide any stacktrace information)
Command duration or timeout: 95 milliseconds
Build info: version: &amp;apos;unknown&amp;apos;, revision: &amp;apos;b526bd5&amp;apos;, time: &amp;apos;2017-03-07 11:11:07 -0800&amp;apos;
System info: host: &amp;apos;DELL-PC&amp;apos;, ip: &amp;apos;192.168.1.79&amp;apos;, os.name: &amp;apos;Windows 7&amp;apos;, os.arch: &amp;apos;amd64&amp;apos;, os.version: &amp;apos;6.1&amp;apos;, java.version: &amp;apos;1.8.0_121&amp;apos;
Driver info: org.openqa.selenium.chrome.ChromeDriver
Capabilities [{applicationCacheEnabled=false, rotatable=false, mobileEmulationEnabled=false, networkConnectionEnabled=false, chrome={chromedriverVersion=2.28.455520 (cc17746adff54984afff480136733114c6b3704b), userDataDir=C:\Users\Dell\AppData\Local\Temp\scoped_dir6300_29242}, takesHeapSnapshot=true, pageLoadStrategy=normal, databaseEnabled=false, handlesAlerts=true, hasTouchScreen=false, version=57.0.2987.133, platform=XP, browserConnectionEnabled=false, nativeEvents=true, acceptSslCerts=true, locationContextEnabled=true, webStorageEnabled=true, browserName=chrome, takesScreenshot=true, javascriptEnabled=true, cssSelectorsEnabled=true, unexpectedAlertBehaviour=}]
Session ID: 6f1c4c9a99e3512f8d94f162f3f6d17e">
      <![CDATA[org.openqa.selenium.WebDriverException: unknown error: Element <iframe id="iframeLeaseAnalysis" frameborder="0" height="972px" width="100%" src="/apex/SPA_LeaseAnalysis?opportunityId=0066C000004hMpGQAU" cd_frame_id_="5addd9d387ff74055c34b9702d82fca2"></iframe> is not clickable at point (664, 45). Other element would receive the click: <div class="slds-spinner_container" id="pageBlocker" style="position:fixed !important;">...</div>
  (Session info: chrome=57.0.2987.133)
  (Driver info: chromedriver=2.28.455520 (cc17746adff54984afff480136733114c6b3704b),platform=Windows NT 6.1.7601 SP1 x86_64) (WARNING: The server did not provide any stacktrace information)
Command duration or timeout: 95 milliseconds
Build info: version: 'unknown', revision: 'b526bd5', time: '2017-03-07 11:11:07 -0800'
System info: host: 'DELL-PC', ip: '192.168.1.79', os.name: 'Windows 7', os.arch: 'amd64', os.version: '6.1', java.version: '1.8.0_121'
Driver info: org.openqa.selenium.chrome.ChromeDriver
Capabilities [{applicationCacheEnabled=false, rotatable=false, mobileEmulationEnabled=false, networkConnectionEnabled=false, chrome={chromedriverVersion=2.28.455520 (cc17746adff54984afff480136733114c6b3704b), userDataDir=C:\Users\Dell\AppData\Local\Temp\scoped_dir6300_29242}, takesHeapSnapshot=true, pageLoadStrategy=normal, databaseEnabled=false, handlesAlerts=true, hasTouchScreen=false, version=57.0.2987.133, platform=XP, browserConnectionEnabled=false, nativeEvents=true, acceptSslCerts=true, locationContextEnabled=true, webStorageEnabled=true, browserName=chrome, takesScreenshot=true, javascriptEnabled=true, cssSelectorsEnabled=true, unexpectedAlertBehaviour=}]
Session ID: 6f1c4c9a99e3512f8d94f162f3f6d17e
	at sun.reflect.NativeConstructorAccessorImpl.newInstance0(Native Method)
	at sun.reflect.NativeConstructorAccessorImpl.newInstance(Unknown Source)
	at sun.reflect.DelegatingConstructorAccessorImpl.newInstance(Unknown Source)
	at java.lang.reflect.Constructor.newInstance(Unknown Source)
	at org.openqa.selenium.remote.ErrorHandler.createThrowable(ErrorHandler.java:216)
	at org.openqa.selenium.remote.ErrorHandler.throwIfResponseFailed(ErrorHandler.java:168)
	at org.openqa.selenium.remote.RemoteWebDriver.execute(RemoteWebDriver.java:638)
	at org.openqa.selenium.remote.RemoteWebElement.execute(RemoteWebElement.java:274)
	at org.openqa.selenium.remote.RemoteWebElement.click(RemoteWebElement.java:84)
	at enhancement.LightingAM_User.LaunchAnalysis(LightingAM_User.java:386)
	at sun.reflect.NativeMethodAccessorImpl.invoke0(Native Method)
	at sun.reflect.NativeMethodAccessorImpl.invoke(Unknown Source)
	at sun.reflect.DelegatingMethodAccessorImpl.invoke(Unknown Source)
	at java.lang.reflect.Method.invoke(Unknown Source)
	at org.testng.internal.MethodInvocationHelper.invokeMethod(MethodInvocationHelper.java:108)
	at org.testng.internal.Invoker.invokeMethod(Invoker.java:661)
	at org.testng.internal.Invoker.invokeTestMethod(Invoker.java:869)
	at org.testng.internal.Invoker.invokeTestMethods(Invoker.java:1193)
	at org.testng.internal.TestMethodWorker.invokeTestMethods(TestMethodWorker.java:126)
	at org.testng.internal.TestMethodWorker.run(TestMethodWorker.java:109)
	at org.testng.TestRunner.privateRun(TestRunner.java:744)
	at org.testng.TestRunner.run(TestRunner.java:602)
	at org.testng.SuiteRunner.runTest(SuiteRunner.java:380)
	at org.testng.SuiteRunner.runSequentially(SuiteRunner.java:375)
	at org.testng.SuiteRunner.privateRun(SuiteRunner.java:340)
	at org.testng.SuiteRunner.run(SuiteRunner.java:289)
	at org.testng.SuiteRunnerWorker.runSuite(SuiteRunnerWorker.java:52)
	at org.testng.SuiteRunnerWorker.run(SuiteRunnerWorker.java:86)
	at org.testng.TestNG.runSuitesSequentially(TestNG.java:1301)
	at org.testng.TestNG.runSuitesLocally(TestNG.java:1226)
	at org.testng.TestNG.runSuites(TestNG.java:1144)
	at org.testng.TestNG.run(TestNG.java:1115)
	at org.testng.remote.AbstractRemoteTestNG.run(AbstractRemoteTestNG.java:132)
	at org.testng.remote.RemoteTestNG.initAndRun(RemoteTestNG.java:230)
	at org.testng.remote.RemoteTestNG.main(RemoteTestNG.java:76)
]]>
    </failure>
  </testcase> <!-- LaunchAnalysis -->
  <testcase name="LaunchApproval" time="2.642" classname="enhancement.LightingAM_User">
    <failure type="org.openqa.selenium.WebDriverException" message="unknown error: Element &amp;lt;iframe id=&amp;quot;iframeLeaseAnalysis&amp;quot; frameborder=&amp;quot;0&amp;quot; height=&amp;quot;972px&amp;quot; width=&amp;quot;100%&amp;quot; src=&amp;quot;/apex/SPA_LeaseAnalysis?opportunityId=0066C000004hMpGQAU&amp;quot; cd_frame_id_=&amp;quot;5addd9d387ff74055c34b9702d82fca2&amp;quot;&amp;gt;&amp;lt;/iframe&amp;gt; is not clickable at point (660, 45). Other element would receive the click: &amp;lt;div class=&amp;quot;slds-spinner_container&amp;quot; id=&amp;quot;pageBlocker&amp;quot; style=&amp;quot;position:fixed !important;&amp;quot;&amp;gt;...&amp;lt;/div&amp;gt;
  (Session info: chrome=57.0.2987.133)
  (Driver info: chromedriver=2.28.455520 (cc17746adff54984afff480136733114c6b3704b),platform=Windows NT 6.1.7601 SP1 x86_64) (WARNING: The server did not provide any stacktrace information)
Command duration or timeout: 99 milliseconds
Build info: version: &amp;apos;unknown&amp;apos;, revision: &amp;apos;b526bd5&amp;apos;, time: &amp;apos;2017-03-07 11:11:07 -0800&amp;apos;
System info: host: &amp;apos;DELL-PC&amp;apos;, ip: &amp;apos;192.168.1.79&amp;apos;, os.name: &amp;apos;Windows 7&amp;apos;, os.arch: &amp;apos;amd64&amp;apos;, os.version: &amp;apos;6.1&amp;apos;, java.version: &amp;apos;1.8.0_121&amp;apos;
Driver info: org.openqa.selenium.chrome.ChromeDriver
Capabilities [{applicationCacheEnabled=false, rotatable=false, mobileEmulationEnabled=false, networkConnectionEnabled=false, chrome={chromedriverVersion=2.28.455520 (cc17746adff54984afff480136733114c6b3704b), userDataDir=C:\Users\Dell\AppData\Local\Temp\scoped_dir6300_29242}, takesHeapSnapshot=true, pageLoadStrategy=normal, databaseEnabled=false, handlesAlerts=true, hasTouchScreen=false, version=57.0.2987.133, platform=XP, browserConnectionEnabled=false, nativeEvents=true, acceptSslCerts=true, locationContextEnabled=true, webStorageEnabled=true, browserName=chrome, takesScreenshot=true, javascriptEnabled=true, cssSelectorsEnabled=true, unexpectedAlertBehaviour=}]
Session ID: 6f1c4c9a99e3512f8d94f162f3f6d17e">
      <![CDATA[org.openqa.selenium.WebDriverException: unknown error: Element <iframe id="iframeLeaseAnalysis" frameborder="0" height="972px" width="100%" src="/apex/SPA_LeaseAnalysis?opportunityId=0066C000004hMpGQAU" cd_frame_id_="5addd9d387ff74055c34b9702d82fca2"></iframe> is not clickable at point (660, 45). Other element would receive the click: <div class="slds-spinner_container" id="pageBlocker" style="position:fixed !important;">...</div>
  (Session info: chrome=57.0.2987.133)
  (Driver info: chromedriver=2.28.455520 (cc17746adff54984afff480136733114c6b3704b),platform=Windows NT 6.1.7601 SP1 x86_64) (WARNING: The server did not provide any stacktrace information)
Command duration or timeout: 99 milliseconds
Build info: version: 'unknown', revision: 'b526bd5', time: '2017-03-07 11:11:07 -0800'
System info: host: 'DELL-PC', ip: '192.168.1.79', os.name: 'Windows 7', os.arch: 'amd64', os.version: '6.1', java.version: '1.8.0_121'
Driver info: org.openqa.selenium.chrome.ChromeDriver
Capabilities [{applicationCacheEnabled=false, rotatable=false, mobileEmulationEnabled=false, networkConnectionEnabled=false, chrome={chromedriverVersion=2.28.455520 (cc17746adff54984afff480136733114c6b3704b), userDataDir=C:\Users\Dell\AppData\Local\Temp\scoped_dir6300_29242}, takesHeapSnapshot=true, pageLoadStrategy=normal, databaseEnabled=false, handlesAlerts=true, hasTouchScreen=false, version=57.0.2987.133, platform=XP, browserConnectionEnabled=false, nativeEvents=true, acceptSslCerts=true, locationContextEnabled=true, webStorageEnabled=true, browserName=chrome, takesScreenshot=true, javascriptEnabled=true, cssSelectorsEnabled=true, unexpectedAlertBehaviour=}]
Session ID: 6f1c4c9a99e3512f8d94f162f3f6d17e
	at sun.reflect.NativeConstructorAccessorImpl.newInstance0(Native Method)
	at sun.reflect.NativeConstructorAccessorImpl.newInstance(Unknown Source)
	at sun.reflect.DelegatingConstructorAccessorImpl.newInstance(Unknown Source)
	at java.lang.reflect.Constructor.newInstance(Unknown Source)
	at org.openqa.selenium.remote.ErrorHandler.createThrowable(ErrorHandler.java:216)
	at org.openqa.selenium.remote.ErrorHandler.throwIfResponseFailed(ErrorHandler.java:168)
	at org.openqa.selenium.remote.RemoteWebDriver.execute(RemoteWebDriver.java:638)
	at org.openqa.selenium.remote.RemoteWebElement.execute(RemoteWebElement.java:274)
	at org.openqa.selenium.remote.RemoteWebElement.click(RemoteWebElement.java:84)
	at enhancement.LightingAM_User.LaunchApproval(LightingAM_User.java:409)
	at sun.reflect.NativeMethodAccessorImpl.invoke0(Native Method)
	at sun.reflect.NativeMethodAccessorImpl.invoke(Unknown Source)
	at sun.reflect.DelegatingMethodAccessorImpl.invoke(Unknown Source)
	at java.lang.reflect.Method.invoke(Unknown Source)
	at org.testng.internal.MethodInvocationHelper.invokeMethod(MethodInvocationHelper.java:108)
	at org.testng.internal.Invoker.invokeMethod(Invoker.java:661)
	at org.testng.internal.Invoker.invokeTestMethod(Invoker.java:869)
	at org.testng.internal.Invoker.invokeTestMethods(Invoker.java:1193)
	at org.testng.internal.TestMethodWorker.invokeTestMethods(TestMethodWorker.java:126)
	at org.testng.internal.TestMethodWorker.run(TestMethodWorker.java:109)
	at org.testng.TestRunner.privateRun(TestRunner.java:744)
	at org.testng.TestRunner.run(TestRunner.java:602)
	at org.testng.SuiteRunner.runTest(SuiteRunner.java:380)
	at org.testng.SuiteRunner.runSequentially(SuiteRunner.java:375)
	at org.testng.SuiteRunner.privateRun(SuiteRunner.java:340)
	at org.testng.SuiteRunner.run(SuiteRunner.java:289)
	at org.testng.SuiteRunnerWorker.runSuite(SuiteRunnerWorker.java:52)
	at org.testng.SuiteRunnerWorker.run(SuiteRunnerWorker.java:86)
	at org.testng.TestNG.runSuitesSequentially(TestNG.java:1301)
	at org.testng.TestNG.runSuitesLocally(TestNG.java:1226)
	at org.testng.TestNG.runSuites(TestNG.java:1144)
	at org.testng.TestNG.run(TestNG.java:1115)
	at org.testng.remote.AbstractRemoteTestNG.run(AbstractRemoteTestNG.java:132)
	at org.testng.remote.RemoteTestNG.initAndRun(RemoteTestNG.java:230)
	at org.testng.remote.RemoteTestNG.main(RemoteTestNG.java:76)
]]>
    </failure>
  </testcase> <!-- LaunchApproval -->
  <testcase name="Approval" time="2.315" classname="enhancement.LightingAM_User">
    <failure type="org.openqa.selenium.WebDriverException" message="unknown error: Element &amp;lt;a class=&amp;quot;slds-tabs--scoped__link slds_tabs_link disable-anchor&amp;quot; href=&amp;quot;javascript:void(0)&amp;quot; role=&amp;quot;tab&amp;quot; aria-selected=&amp;quot;false&amp;quot; aria-controls=&amp;quot;tabLeaseApproval&amp;quot; data-aljs-show=&amp;quot;tabLeaseApproval&amp;quot; ng-click=&amp;quot;loadApprovalApp()&amp;quot; ng-class=&amp;quot;{&amp;apos;disable-anchor&amp;apos;: tabDisabled}&amp;quot; tabindex=&amp;quot;-1&amp;quot;&amp;gt;...&amp;lt;/a&amp;gt; is not clickable at point (304, 110). Other element would receive the click: &amp;lt;li class=&amp;quot;slds-tabs--scoped__item slds-text-heading--label&amp;quot; title=&amp;quot;Lease Approval&amp;quot; role=&amp;quot;presentation&amp;quot;&amp;gt;...&amp;lt;/li&amp;gt;
  (Session info: chrome=57.0.2987.133)
  (Driver info: chromedriver=2.28.455520 (cc17746adff54984afff480136733114c6b3704b),platform=Windows NT 6.1.7601 SP1 x86_64) (WARNING: The server did not provide any stacktrace information)
Command duration or timeout: 51 milliseconds
Build info: version: &amp;apos;unknown&amp;apos;, revision: &amp;apos;b526bd5&amp;apos;, time: &amp;apos;2017-03-07 11:11:07 -0800&amp;apos;
System info: host: &amp;apos;DELL-PC&amp;apos;, ip: &amp;apos;192.168.1.79&amp;apos;, os.name: &amp;apos;Windows 7&amp;apos;, os.arch: &amp;apos;amd64&amp;apos;, os.version: &amp;apos;6.1&amp;apos;, java.version: &amp;apos;1.8.0_121&amp;apos;
Driver info: org.openqa.selenium.chrome.ChromeDriver
Capabilities [{applicationCacheEnabled=false, rotatable=false, mobileEmulationEnabled=false, networkConnectionEnabled=false, chrome={chromedriverVersion=2.28.455520 (cc17746adff54984afff480136733114c6b3704b), userDataDir=C:\Users\Dell\AppData\Local\Temp\scoped_dir6300_29242}, takesHeapSnapshot=true, pageLoadStrategy=normal, databaseEnabled=false, handlesAlerts=true, hasTouchScreen=false, version=57.0.2987.133, platform=XP, browserConnectionEnabled=false, nativeEvents=true, acceptSslCerts=true, locationContextEnabled=true, webStorageEnabled=true, browserName=chrome, takesScreenshot=true, javascriptEnabled=true, cssSelectorsEnabled=true, unexpectedAlertBehaviour=}]
Session ID: 6f1c4c9a99e3512f8d94f162f3f6d17e">
      <![CDATA[org.openqa.selenium.WebDriverException: unknown error: Element <a class="slds-tabs--scoped__link slds_tabs_link disable-anchor" href="javascript:void(0)" role="tab" aria-selected="false" aria-controls="tabLeaseApproval" data-aljs-show="tabLeaseApproval" ng-click="loadApprovalApp()" ng-class="{'disable-anchor': tabDisabled}" tabindex="-1">...</a> is not clickable at point (304, 110). Other element would receive the click: <li class="slds-tabs--scoped__item slds-text-heading--label" title="Lease Approval" role="presentation">...</li>
  (Session info: chrome=57.0.2987.133)
  (Driver info: chromedriver=2.28.455520 (cc17746adff54984afff480136733114c6b3704b),platform=Windows NT 6.1.7601 SP1 x86_64) (WARNING: The server did not provide any stacktrace information)
Command duration or timeout: 51 milliseconds
Build info: version: 'unknown', revision: 'b526bd5', time: '2017-03-07 11:11:07 -0800'
System info: host: 'DELL-PC', ip: '192.168.1.79', os.name: 'Windows 7', os.arch: 'amd64', os.version: '6.1', java.version: '1.8.0_121'
Driver info: org.openqa.selenium.chrome.ChromeDriver
Capabilities [{applicationCacheEnabled=false, rotatable=false, mobileEmulationEnabled=false, networkConnectionEnabled=false, chrome={chromedriverVersion=2.28.455520 (cc17746adff54984afff480136733114c6b3704b), userDataDir=C:\Users\Dell\AppData\Local\Temp\scoped_dir6300_29242}, takesHeapSnapshot=true, pageLoadStrategy=normal, databaseEnabled=false, handlesAlerts=true, hasTouchScreen=false, version=57.0.2987.133, platform=XP, browserConnectionEnabled=false, nativeEvents=true, acceptSslCerts=true, locationContextEnabled=true, webStorageEnabled=true, browserName=chrome, takesScreenshot=true, javascriptEnabled=true, cssSelectorsEnabled=true, unexpectedAlertBehaviour=}]
Session ID: 6f1c4c9a99e3512f8d94f162f3f6d17e
	at sun.reflect.NativeConstructorAccessorImpl.newInstance0(Native Method)
	at sun.reflect.NativeConstructorAccessorImpl.newInstance(Unknown Source)
	at sun.reflect.DelegatingConstructorAccessorImpl.newInstance(Unknown Source)
	at java.lang.reflect.Constructor.newInstance(Unknown Source)
	at org.openqa.selenium.remote.ErrorHandler.createThrowable(ErrorHandler.java:216)
	at org.openqa.selenium.remote.ErrorHandler.throwIfResponseFailed(ErrorHandler.java:168)
	at org.openqa.selenium.remote.RemoteWebDriver.execute(RemoteWebDriver.java:638)
	at org.openqa.selenium.remote.RemoteWebElement.execute(RemoteWebElement.java:274)
	at org.openqa.selenium.remote.RemoteWebElement.click(RemoteWebElement.java:84)
	at enhancement.LightingAM_User.Approval(LightingAM_User.java:444)
	at sun.reflect.NativeMethodAccessorImpl.invoke0(Native Method)
	at sun.reflect.NativeMethodAccessorImpl.invoke(Unknown Source)
	at sun.reflect.DelegatingMethodAccessorImpl.invoke(Unknown Source)
	at java.lang.reflect.Method.invoke(Unknown Source)
	at org.testng.internal.MethodInvocationHelper.invokeMethod(MethodInvocationHelper.java:108)
	at org.testng.internal.Invoker.invokeMethod(Invoker.java:661)
	at org.testng.internal.Invoker.invokeTestMethod(Invoker.java:869)
	at org.testng.internal.Invoker.invokeTestMethods(Invoker.java:1193)
	at org.testng.internal.TestMethodWorker.invokeTestMethods(TestMethodWorker.java:126)
	at org.testng.internal.TestMethodWorker.run(TestMethodWorker.java:109)
	at org.testng.TestRunner.privateRun(TestRunner.java:744)
	at org.testng.TestRunner.run(TestRunner.java:602)
	at org.testng.SuiteRunner.runTest(SuiteRunner.java:380)
	at org.testng.SuiteRunner.runSequentially(SuiteRunner.java:375)
	at org.testng.SuiteRunner.privateRun(SuiteRunner.java:340)
	at org.testng.SuiteRunner.run(SuiteRunner.java:289)
	at org.testng.SuiteRunnerWorker.runSuite(SuiteRunnerWorker.java:52)
	at org.testng.SuiteRunnerWorker.run(SuiteRunnerWorker.java:86)
	at org.testng.TestNG.runSuitesSequentially(TestNG.java:1301)
	at org.testng.TestNG.runSuitesLocally(TestNG.java:1226)
	at org.testng.TestNG.runSuites(TestNG.java:1144)
	at org.testng.TestNG.run(TestNG.java:1115)
	at org.testng.remote.AbstractRemoteTestNG.run(AbstractRemoteTestNG.java:132)
	at org.testng.remote.RemoteTestNG.initAndRun(RemoteTestNG.java:230)
	at org.testng.remote.RemoteTestNG.main(RemoteTestNG.java:76)
]]>
    </failure>
  </testcase> <!-- Approval -->
  <testcase name="Approvalclick" time="2.147" classname="enhancement.LightingAM_User">
    <failure type="org.openqa.selenium.WebDriverException" message="unknown error: Element &amp;lt;a class=&amp;quot;slds-tabs--scoped__link slds_tabs_link disable-anchor&amp;quot; href=&amp;quot;javascript:void(0)&amp;quot; role=&amp;quot;tab&amp;quot; aria-selected=&amp;quot;false&amp;quot; aria-controls=&amp;quot;tabLeaseApproval&amp;quot; data-aljs-show=&amp;quot;tabLeaseApproval&amp;quot; ng-click=&amp;quot;loadApprovalApp()&amp;quot; ng-class=&amp;quot;{&amp;apos;disable-anchor&amp;apos;: tabDisabled}&amp;quot; tabindex=&amp;quot;-1&amp;quot;&amp;gt;...&amp;lt;/a&amp;gt; is not clickable at point (304, 110). Other element would receive the click: &amp;lt;li class=&amp;quot;slds-tabs--scoped__item slds-text-heading--label&amp;quot; title=&amp;quot;Lease Approval&amp;quot; role=&amp;quot;presentation&amp;quot;&amp;gt;...&amp;lt;/li&amp;gt;
  (Session info: chrome=57.0.2987.133)
  (Driver info: chromedriver=2.28.455520 (cc17746adff54984afff480136733114c6b3704b),platform=Windows NT 6.1.7601 SP1 x86_64) (WARNING: The server did not provide any stacktrace information)
Command duration or timeout: 23 milliseconds
Build info: version: &amp;apos;unknown&amp;apos;, revision: &amp;apos;b526bd5&amp;apos;, time: &amp;apos;2017-03-07 11:11:07 -0800&amp;apos;
System info: host: &amp;apos;DELL-PC&amp;apos;, ip: &amp;apos;192.168.1.79&amp;apos;, os.name: &amp;apos;Windows 7&amp;apos;, os.arch: &amp;apos;amd64&amp;apos;, os.version: &amp;apos;6.1&amp;apos;, java.version: &amp;apos;1.8.0_121&amp;apos;
Driver info: org.openqa.selenium.chrome.ChromeDriver
Capabilities [{applicationCacheEnabled=false, rotatable=false, mobileEmulationEnabled=false, networkConnectionEnabled=false, chrome={chromedriverVersion=2.28.455520 (cc17746adff54984afff480136733114c6b3704b), userDataDir=C:\Users\Dell\AppData\Local\Temp\scoped_dir6300_29242}, takesHeapSnapshot=true, pageLoadStrategy=normal, databaseEnabled=false, handlesAlerts=true, hasTouchScreen=false, version=57.0.2987.133, platform=XP, browserConnectionEnabled=false, nativeEvents=true, acceptSslCerts=true, locationContextEnabled=true, webStorageEnabled=true, browserName=chrome, takesScreenshot=true, javascriptEnabled=true, cssSelectorsEnabled=true, unexpectedAlertBehaviour=}]
Session ID: 6f1c4c9a99e3512f8d94f162f3f6d17e">
      <![CDATA[org.openqa.selenium.WebDriverException: unknown error: Element <a class="slds-tabs--scoped__link slds_tabs_link disable-anchor" href="javascript:void(0)" role="tab" aria-selected="false" aria-controls="tabLeaseApproval" data-aljs-show="tabLeaseApproval" ng-click="loadApprovalApp()" ng-class="{'disable-anchor': tabDisabled}" tabindex="-1">...</a> is not clickable at point (304, 110). Other element would receive the click: <li class="slds-tabs--scoped__item slds-text-heading--label" title="Lease Approval" role="presentation">...</li>
  (Session info: chrome=57.0.2987.133)
  (Driver info: chromedriver=2.28.455520 (cc17746adff54984afff480136733114c6b3704b),platform=Windows NT 6.1.7601 SP1 x86_64) (WARNING: The server did not provide any stacktrace information)
Command duration or timeout: 23 milliseconds
Build info: version: 'unknown', revision: 'b526bd5', time: '2017-03-07 11:11:07 -0800'
System info: host: 'DELL-PC', ip: '192.168.1.79', os.name: 'Windows 7', os.arch: 'amd64', os.version: '6.1', java.version: '1.8.0_121'
Driver info: org.openqa.selenium.chrome.ChromeDriver
Capabilities [{applicationCacheEnabled=false, rotatable=false, mobileEmulationEnabled=false, networkConnectionEnabled=false, chrome={chromedriverVersion=2.28.455520 (cc17746adff54984afff480136733114c6b3704b), userDataDir=C:\Users\Dell\AppData\Local\Temp\scoped_dir6300_29242}, takesHeapSnapshot=true, pageLoadStrategy=normal, databaseEnabled=false, handlesAlerts=true, hasTouchScreen=false, version=57.0.2987.133, platform=XP, browserConnectionEnabled=false, nativeEvents=true, acceptSslCerts=true, locationContextEnabled=true, webStorageEnabled=true, browserName=chrome, takesScreenshot=true, javascriptEnabled=true, cssSelectorsEnabled=true, unexpectedAlertBehaviour=}]
Session ID: 6f1c4c9a99e3512f8d94f162f3f6d17e
	at sun.reflect.NativeConstructorAccessorImpl.newInstance0(Native Method)
	at sun.reflect.NativeConstructorAccessorImpl.newInstance(Unknown Source)
	at sun.reflect.DelegatingConstructorAccessorImpl.newInstance(Unknown Source)
	at java.lang.reflect.Constructor.newInstance(Unknown Source)
	at org.openqa.selenium.remote.ErrorHandler.createThrowable(ErrorHandler.java:216)
	at org.openqa.selenium.remote.ErrorHandler.throwIfResponseFailed(ErrorHandler.java:168)
	at org.openqa.selenium.remote.RemoteWebDriver.execute(RemoteWebDriver.java:638)
	at org.openqa.selenium.remote.RemoteWebElement.execute(RemoteWebElement.java:274)
	at org.openqa.selenium.remote.RemoteWebElement.click(RemoteWebElement.java:84)
	at enhancement.LightingAM_User.Approvalclick(LightingAM_User.java:470)
	at sun.reflect.NativeMethodAccessorImpl.invoke0(Native Method)
	at sun.reflect.NativeMethodAccessorImpl.invoke(Unknown Source)
	at sun.reflect.DelegatingMethodAccessorImpl.invoke(Unknown Source)
	at java.lang.reflect.Method.invoke(Unknown Source)
	at org.testng.internal.MethodInvocationHelper.invokeMethod(MethodInvocationHelper.java:108)
	at org.testng.internal.Invoker.invokeMethod(Invoker.java:661)
	at org.testng.internal.Invoker.invokeTestMethod(Invoker.java:869)
	at org.testng.internal.Invoker.invokeTestMethods(Invoker.java:1193)
	at org.testng.internal.TestMethodWorker.invokeTestMethods(TestMethodWorker.java:126)
	at org.testng.internal.TestMethodWorker.run(TestMethodWorker.java:109)
	at org.testng.TestRunner.privateRun(TestRunner.java:744)
	at org.testng.TestRunner.run(TestRunner.java:602)
	at org.testng.SuiteRunner.runTest(SuiteRunner.java:380)
	at org.testng.SuiteRunner.runSequentially(SuiteRunner.java:375)
	at org.testng.SuiteRunner.privateRun(SuiteRunner.java:340)
	at org.testng.SuiteRunner.run(SuiteRunner.java:289)
	at org.testng.SuiteRunnerWorker.runSuite(SuiteRunnerWorker.java:52)
	at org.testng.SuiteRunnerWorker.run(SuiteRunnerWorker.java:86)
	at org.testng.TestNG.runSuitesSequentially(TestNG.java:1301)
	at org.testng.TestNG.runSuitesLocally(TestNG.java:1226)
	at org.testng.TestNG.runSuites(TestNG.java:1144)
	at org.testng.TestNG.run(TestNG.java:1115)
	at org.testng.remote.AbstractRemoteTestNG.run(AbstractRemoteTestNG.java:132)
	at org.testng.remote.RemoteTestNG.initAndRun(RemoteTestNG.java:230)
	at org.testng.remote.RemoteTestNG.main(RemoteTestNG.java:76)
]]>
    </failure>
  </testcase> <!-- Approvalclick -->
  <testcase name="FourthLevelLogin" time="0.0" classname="enhancement.LightingAM_User">
    <ignored/>
  </testcase> <!-- FourthLevelLogin -->
  <testcase name="FourthLevelApproval" time="0.0" classname="enhancement.LightingAM_User">
    <ignored/>
  </testcase> <!-- FourthLevelApproval -->
  <testcase name="FourthLevelSearch" time="0.0" classname="enhancement.LightingAM_User">
    <ignored/>
  </testcase> <!-- FourthLevelSearch -->
  <testcase name="ThirdLevelSearch" time="0.0" classname="enhancement.LightingAM_User">
    <ignored/>
  </testcase> <!-- ThirdLevelSearch -->
  <testcase name="SecondLevelApproval" time="0.0" classname="enhancement.LightingAM_User">
    <ignored/>
  </testcase> <!-- SecondLevelApproval -->
  <testcase name="ThirdLevelLogin" time="0.0" classname="enhancement.LightingAM_User">
    <ignored/>
  </testcase> <!-- ThirdLevelLogin -->
  <testcase name="FirstLevelLevelClick" time="0.0" classname="enhancement.LightingAM_User">
    <ignored/>
  </testcase> <!-- FirstLevelLevelClick -->
  <testcase name="SecondLevelSearch" time="0.0" classname="enhancement.LightingAM_User">
    <ignored/>
  </testcase> <!-- SecondLevelSearch -->
  <testcase name="FirstLevelLogin" time="0.0" classname="enhancement.LightingAM_User">
    <ignored/>
  </testcase> <!-- FirstLevelLogin -->
  <testcase name="SecondLevelLogin" time="0.0" classname="enhancement.LightingAM_User">
    <ignored/>
  </testcase> <!-- SecondLevelLogin -->
  <testcase name="CommentForApproval" time="0.0" classname="enhancement.LightingAM_User">
    <ignored/>
  </testcase> <!-- CommentForApproval -->
  <testcase name="ThirdLevelApproval" time="0.0" classname="enhancement.LightingAM_User">
    <ignored/>
  </testcase> <!-- ThirdLevelApproval -->
  <testcase name="FirstLevelApproval" time="0.0" classname="enhancement.LightingAM_User">
    <ignored/>
  </testcase> <!-- FirstLevelApproval -->
  <testcase name="ApprovalLogout" time="0.0" classname="enhancement.LightingAM_User">
    <ignored/>
  </testcase> <!-- ApprovalLogout -->
  <testcase name="FirtLevelSearch" time="0.0" classname="enhancement.LightingAM_User">
    <ignored/>
  </testcase> <!-- FirtLevelSearch -->
  <testcase name="FirstLevelHome" time="0.0" classname="enhancement.LightingAM_User">
    <ignored/>
  </testcase> <!-- FirstLevelHome -->
</testsuite> <!-- Default test -->
