<?xml version="1.0" encoding="UTF-8"?>
<!-- Generated by org.testng.reporters.JUnitXMLReporter -->
<testsuite hostname="Dell-PC" ignored="22" name="Default test" tests="6" failures="0" timestamp="26 Apr 2017 16:30:19 GMT" time="80.39" errors="0">
  <testcase name="Login" time="14.729" classname="enhancement.LightingAM_User"/>
  <testcase name="FirstLevelSearch" time="22.483" classname="enhancement.LightingAM_User"/>
  <testcase name="FirstLevelLogin" time="7.59" classname="enhancement.LightingAM_User"/>
  <testcase name="FirstLevelHome" time="18.842" classname="enhancement.LightingAM_User"/>
  <testcase name="FirstLevelApproval" time="3.507" classname="enhancement.LightingAM_User"/>
  <testcase name="FirstLevelLevelClick" time="13.196" classname="enhancement.LightingAM_User"/>
  <testcase name="UnitsAndSetup" time="0.0" classname="enhancement.LightingAM_User">
    <ignored/>
  </testcase> <!-- UnitsAndSetup -->
  <testcase name="SaveAnalysis" time="0.0" classname="enhancement.LightingAM_User">
    <ignored/>
  </testcase> <!-- SaveAnalysis -->
  <testcase name="NewAnalysis" time="0.0" classname="enhancement.LightingAM_User">
    <ignored/>
  </testcase> <!-- NewAnalysis -->
  <testcase name="CreateNewOpportunity" time="0.0" classname="enhancement.LightingAM_User">
    <ignored/>
  </testcase> <!-- CreateNewOpportunity -->
  <testcase name="Securities" time="0.0" classname="enhancement.LightingAM_User">
    <ignored/>
  </testcase> <!-- Securities -->
  <testcase name="AMUserLogin" time="0.0" classname="enhancement.LightingAM_User">
    <ignored/>
  </testcase> <!-- AMUserLogin -->
  <testcase name="AMUserDetails" time="0.0" classname="enhancement.LightingAM_User">
    <ignored/>
  </testcase> <!-- AMUserDetails -->
  <testcase name="Approval" time="0.0" classname="enhancement.LightingAM_User">
    <ignored/>
  </testcase> <!-- Approval -->
  <testcase name="RentsAndIncentive" time="0.0" classname="enhancement.LightingAM_User">
    <ignored/>
  </testcase> <!-- RentsAndIncentive -->
  <testcase name="Budget" time="0.0" classname="enhancement.LightingAM_User">
    <ignored/>
  </testcase> <!-- Budget -->
  <testcase name="Analysis" time="0.0" classname="enhancement.LightingAM_User">
    <ignored/>
  </testcase> <!-- Analysis -->
  <testcase name="ClickAnalysis" time="0.0" classname="enhancement.LightingAM_User">
    <ignored/>
  </testcase> <!-- ClickAnalysis -->
  <testcase name="LaunchApproval" time="0.0" classname="enhancement.LightingAM_User">
    <ignored/>
  </testcase> <!-- LaunchApproval -->
  <testcase name="Units" time="0.0" classname="enhancement.LightingAM_User">
    <ignored/>
  </testcase> <!-- Units -->
  <testcase name="CommentForApproval" time="0.0" classname="enhancement.LightingAM_User">
    <ignored/>
  </testcase> <!-- CommentForApproval -->
  <testcase name="ApprovalLogout" time="0.0" classname="enhancement.LightingAM_User">
    <ignored/>
  </testcase> <!-- ApprovalLogout -->
  <testcase name="Opportunities" time="0.0" classname="enhancement.LightingAM_User">
    <ignored/>
  </testcase> <!-- Opportunities -->
  <testcase name="CreateOpportunity" time="0.0" classname="enhancement.LightingAM_User">
    <ignored/>
  </testcase> <!-- CreateOpportunity -->
  <testcase name="TenantName" time="0.0" classname="enhancement.LightingAM_User">
    <ignored/>
  </testcase> <!-- TenantName -->
  <testcase name="Approvalclick" time="0.0" classname="enhancement.LightingAM_User">
    <ignored/>
  </testcase> <!-- Approvalclick -->
  <testcase name="AMUserSearch" time="0.0" classname="enhancement.LightingAM_User">
    <ignored/>
  </testcase> <!-- AMUserSearch -->
  <testcase name="LaunchAnalysis" time="0.0" classname="enhancement.LightingAM_User">
    <ignored/>
  </testcase> <!-- LaunchAnalysis -->
</testsuite> <!-- Default test -->
