<?xml version="1.0" encoding="UTF-8"?>
<testng-results skipped="0" failed="0" ignored="0" total="10" passed="10">
  <reporter-output>
  </reporter-output>
  <suite name="Default suite" duration-ms="73964" started-at="2017-05-17T16:09:19Z" finished-at="2017-05-17T16:10:33Z">
    <groups>
    </groups>
    <test name="Default test" duration-ms="73964" started-at="2017-05-17T16:09:19Z" finished-at="2017-05-17T16:10:33Z">
      <class name="enhancement.Acquisition">
        <test-method status="PASS" signature="Login()[pri:1, instance:enhancement.Acquisition@437da279]" name="Login" duration-ms="15689" started-at="2017-05-17T21:39:20Z" finished-at="2017-05-17T21:39:35Z">
          <reporter-output>
          </reporter-output>
        </test-method> <!-- Login -->
        <test-method status="PASS" signature="AMUserSearch()[pri:2, instance:enhancement.Acquisition@437da279]" name="AMUserSearch" duration-ms="16937" started-at="2017-05-17T21:39:35Z" finished-at="2017-05-17T21:39:52Z">
          <reporter-output>
          </reporter-output>
        </test-method> <!-- AMUserSearch -->
        <test-method status="PASS" signature="AMUserDetails()[pri:3, instance:enhancement.Acquisition@437da279]" name="AMUserDetails" duration-ms="2504" started-at="2017-05-17T21:39:52Z" finished-at="2017-05-17T21:39:55Z">
          <reporter-output>
          </reporter-output>
        </test-method> <!-- AMUserDetails -->
        <test-method status="PASS" signature="AMUserLogin()[pri:4, instance:enhancement.Acquisition@437da279]" name="AMUserLogin" duration-ms="9169" started-at="2017-05-17T21:39:55Z" finished-at="2017-05-17T21:40:04Z">
          <reporter-output>
          </reporter-output>
        </test-method> <!-- AMUserLogin -->
        <test-method status="PASS" signature="AcquisitionClick()[pri:5, instance:enhancement.Acquisition@437da279]" name="AcquisitionClick" duration-ms="4195" started-at="2017-05-17T21:40:04Z" finished-at="2017-05-17T21:40:08Z">
          <reporter-output>
          </reporter-output>
        </test-method> <!-- AcquisitionClick -->
        <test-method status="PASS" signature="CreateNewDeal()[pri:6, instance:enhancement.Acquisition@437da279]" name="CreateNewDeal" duration-ms="12573" started-at="2017-05-17T21:40:08Z" finished-at="2017-05-17T21:40:21Z">
          <reporter-output>
          </reporter-output>
        </test-method> <!-- CreateNewDeal -->
        <test-method status="PASS" signature="CreateNewDealclick()[pri:7, instance:enhancement.Acquisition@437da279]" name="CreateNewDealclick" duration-ms="5291" started-at="2017-05-17T21:40:21Z" finished-at="2017-05-17T21:40:26Z">
          <reporter-output>
          </reporter-output>
        </test-method> <!-- CreateNewDealclick -->
        <test-method status="PASS" signature="CreateNewAcquisitionDeal()[pri:8, instance:enhancement.Acquisition@437da279]" name="CreateNewAcquisitionDeal" duration-ms="2310" started-at="2017-05-17T21:40:26Z" finished-at="2017-05-17T21:40:28Z">
          <reporter-output>
          </reporter-output>
        </test-method> <!-- CreateNewAcquisitionDeal -->
        <test-method status="PASS" signature="CreateNewAcquisitionDealSingleBuilding()[pri:9, instance:enhancement.Acquisition@437da279]" name="CreateNewAcquisitionDealSingleBuilding" duration-ms="2572" started-at="2017-05-17T21:40:28Z" finished-at="2017-05-17T21:40:31Z">
          <reporter-output>
          </reporter-output>
        </test-method> <!-- CreateNewAcquisitionDealSingleBuilding -->
        <test-method status="PASS" signature="CreateNewDealName()[pri:10, instance:enhancement.Acquisition@437da279]" name="CreateNewDealName" duration-ms="2685" started-at="2017-05-17T21:40:31Z" finished-at="2017-05-17T21:40:33Z">
          <reporter-output>
          </reporter-output>
        </test-method> <!-- CreateNewDealName -->
      </class> <!-- enhancement.Acquisition -->
    </test> <!-- Default test -->
  </suite> <!-- Default suite -->
</testng-results>
