<?xml version="1.0" encoding="UTF-8"?>
<testng-results skipped="0" failed="0" ignored="6" total="15" passed="9">
  <reporter-output>
  </reporter-output>
  <suite name="Default suite" duration-ms="73666" started-at="2017-05-23T16:17:27Z" finished-at="2017-05-23T16:18:41Z">
    <groups>
    </groups>
    <test name="Default test" duration-ms="73666" started-at="2017-05-23T16:17:27Z" finished-at="2017-05-23T16:18:41Z">
      <class name="enhancement.Acquisition">
        <test-method status="PASS" signature="Login()[pri:1, instance:enhancement.Acquisition@437da279]" name="Login" duration-ms="15874" started-at="2017-05-23T21:47:27Z" finished-at="2017-05-23T21:47:43Z">
          <reporter-output>
          </reporter-output>
        </test-method> <!-- Login -->
        <test-method status="PASS" signature="AMUserSearch()[pri:2, instance:enhancement.Acquisition@437da279]" name="AMUserSearch" duration-ms="18150" started-at="2017-05-23T21:47:43Z" finished-at="2017-05-23T21:48:01Z">
          <reporter-output>
          </reporter-output>
        </test-method> <!-- AMUserSearch -->
        <test-method status="PASS" signature="AMUserDetails()[pri:3, instance:enhancement.Acquisition@437da279]" name="AMUserDetails" duration-ms="2783" started-at="2017-05-23T21:48:01Z" finished-at="2017-05-23T21:48:04Z">
          <reporter-output>
          </reporter-output>
        </test-method> <!-- AMUserDetails -->
        <test-method status="PASS" signature="AMUserLogin()[pri:4, instance:enhancement.Acquisition@437da279]" name="AMUserLogin" duration-ms="10171" started-at="2017-05-23T21:48:04Z" finished-at="2017-05-23T21:48:14Z">
          <reporter-output>
          </reporter-output>
        </test-method> <!-- AMUserLogin -->
        <test-method status="PASS" signature="ClickOnExistingDeal()[pri:11, instance:enhancement.Acquisition@437da279]" name="ClickOnExistingDeal" duration-ms="11384" started-at="2017-05-23T21:48:14Z" finished-at="2017-05-23T21:48:25Z">
          <reporter-output>
          </reporter-output>
        </test-method> <!-- ClickOnExistingDeal -->
        <test-method status="PASS" signature="AssetAttribute()[pri:12, instance:enhancement.Acquisition@437da279]" name="AssetAttribute" duration-ms="14638" started-at="2017-05-23T21:48:25Z" finished-at="2017-05-23T21:48:40Z">
          <reporter-output>
          </reporter-output>
        </test-method> <!-- AssetAttribute -->
        <test-method status="PASS" signature="SwitchToFrame()[pri:13, instance:enhancement.Acquisition@437da279]" name="SwitchToFrame" duration-ms="55" started-at="2017-05-23T21:48:40Z" finished-at="2017-05-23T21:48:40Z">
          <reporter-output>
          </reporter-output>
        </test-method> <!-- SwitchToFrame -->
        <test-method status="PASS" signature="AssetAttributeclick()[pri:14, instance:enhancement.Acquisition@437da279]" name="AssetAttributeclick" duration-ms="270" started-at="2017-05-23T21:48:40Z" finished-at="2017-05-23T21:48:40Z">
          <reporter-output>
          </reporter-output>
        </test-method> <!-- AssetAttributeclick -->
        <test-method status="PASS" signature="AssetAttributeclickAgain()[pri:15, instance:enhancement.Acquisition@437da279]" name="AssetAttributeclickAgain" duration-ms="295" started-at="2017-05-23T21:48:40Z" finished-at="2017-05-23T21:48:41Z">
          <reporter-output>
          </reporter-output>
        </test-method> <!-- AssetAttributeclickAgain -->
      </class> <!-- enhancement.Acquisition -->
    </test> <!-- Default test -->
  </suite> <!-- Default suite -->
</testng-results>
