<?xml version="1.0" encoding="UTF-8"?>
<testng-results skipped="0" failed="0" ignored="0" total="30" passed="30">
  <reporter-output>
  </reporter-output>
  <suite name="Default suite" duration-ms="285185" started-at="2017-05-09T16:08:32Z" finished-at="2017-05-09T16:13:18Z">
    <groups>
    </groups>
    <test name="Default test" duration-ms="285185" started-at="2017-05-09T16:08:32Z" finished-at="2017-05-09T16:13:18Z">
      <class name="enhancement.LightingEU_User">
        <test-method status="PASS" signature="Login()[pri:1, instance:enhancement.LightingEU_User@437da279]" name="Login" duration-ms="13824" started-at="2017-05-09T21:38:32Z" finished-at="2017-05-09T21:38:46Z">
          <reporter-output>
          </reporter-output>
        </test-method> <!-- Login -->
        <test-method status="PASS" signature="EUUserSearch()[pri:2, instance:enhancement.LightingEU_User@437da279]" name="EUUserSearch" duration-ms="19259" started-at="2017-05-09T21:38:46Z" finished-at="2017-05-09T21:39:05Z">
          <reporter-output>
          </reporter-output>
        </test-method> <!-- EUUserSearch -->
        <test-method status="PASS" signature="EUUserDetails()[pri:3, instance:enhancement.LightingEU_User@437da279]" name="EUUserDetails" duration-ms="6317" started-at="2017-05-09T21:39:05Z" finished-at="2017-05-09T21:39:12Z">
          <reporter-output>
          </reporter-output>
        </test-method> <!-- EUUserDetails -->
        <test-method status="PASS" signature="EUUserLogin()[pri:4, instance:enhancement.LightingEU_User@437da279]" name="EUUserLogin" duration-ms="11018" started-at="2017-05-09T21:39:12Z" finished-at="2017-05-09T21:39:23Z">
          <reporter-output>
          </reporter-output>
        </test-method> <!-- EUUserLogin -->
        <test-method status="PASS" signature="Opportunities()[pri:5, instance:enhancement.LightingEU_User@437da279]" name="Opportunities" duration-ms="10725" started-at="2017-05-09T21:39:23Z" finished-at="2017-05-09T21:39:34Z">
          <reporter-output>
          </reporter-output>
        </test-method> <!-- Opportunities -->
        <test-method status="PASS" signature="CreateOpportunity()[pri:6, instance:enhancement.LightingEU_User@437da279]" name="CreateOpportunity" duration-ms="5127" started-at="2017-05-09T21:39:34Z" finished-at="2017-05-09T21:39:39Z">
          <reporter-output>
          </reporter-output>
        </test-method> <!-- CreateOpportunity -->
        <test-method status="PASS" signature="CreateNewOpportunity()[pri:7, instance:enhancement.LightingEU_User@437da279]" name="CreateNewOpportunity" duration-ms="8944" started-at="2017-05-09T21:39:39Z" finished-at="2017-05-09T21:39:48Z">
          <reporter-output>
          </reporter-output>
        </test-method> <!-- CreateNewOpportunity -->
        <test-method status="PASS" signature="TenantName()[pri:8, instance:enhancement.LightingEU_User@437da279]" name="TenantName" duration-ms="4893" started-at="2017-05-09T21:39:48Z" finished-at="2017-05-09T21:39:53Z">
          <reporter-output>
          </reporter-output>
        </test-method> <!-- TenantName -->
        <test-method status="PASS" signature="Units()[pri:9, instance:enhancement.LightingEU_User@437da279]" name="Units" duration-ms="2992" started-at="2017-05-09T21:39:53Z" finished-at="2017-05-09T21:39:56Z">
          <reporter-output>
          </reporter-output>
        </test-method> <!-- Units -->
        <test-method status="PASS" signature="Analysis()[pri:10, instance:enhancement.LightingEU_User@437da279]" name="Analysis" duration-ms="4459" started-at="2017-05-09T21:39:56Z" finished-at="2017-05-09T21:40:00Z">
          <reporter-output>
          </reporter-output>
        </test-method> <!-- Analysis -->
        <test-method status="PASS" signature="ClickAnalysis()[pri:11, instance:enhancement.LightingEU_User@437da279]" name="ClickAnalysis" duration-ms="2231" started-at="2017-05-09T21:40:00Z" finished-at="2017-05-09T21:40:02Z">
          <reporter-output>
          </reporter-output>
        </test-method> <!-- ClickAnalysis -->
        <test-method status="PASS" signature="NewAnalysis()[pri:12, instance:enhancement.LightingEU_User@437da279]" name="NewAnalysis" duration-ms="3625" started-at="2017-05-09T21:40:02Z" finished-at="2017-05-09T21:40:06Z">
          <reporter-output>
          </reporter-output>
        </test-method> <!-- NewAnalysis -->
        <test-method status="PASS" signature="UnitsAndSetup()[pri:13, instance:enhancement.LightingEU_User@437da279]" name="UnitsAndSetup" duration-ms="6558" started-at="2017-05-09T21:40:06Z" finished-at="2017-05-09T21:40:12Z">
          <reporter-output>
          </reporter-output>
        </test-method> <!-- UnitsAndSetup -->
        <test-method status="PASS" signature="Budget()[pri:14, instance:enhancement.LightingEU_User@437da279]" name="Budget" duration-ms="2296" started-at="2017-05-09T21:40:12Z" finished-at="2017-05-09T21:40:15Z">
          <reporter-output>
          </reporter-output>
        </test-method> <!-- Budget -->
        <test-method status="PASS" signature="RentsAndIncentive()[pri:15, instance:enhancement.LightingEU_User@437da279]" name="RentsAndIncentive" duration-ms="5572" started-at="2017-05-09T21:40:15Z" finished-at="2017-05-09T21:40:20Z">
          <reporter-output>
          </reporter-output>
        </test-method> <!-- RentsAndIncentive -->
        <test-method status="PASS" signature="Guarantees()[pri:16, instance:enhancement.LightingEU_User@437da279]" name="Guarantees" duration-ms="2871" started-at="2017-05-09T21:40:20Z" finished-at="2017-05-09T21:40:23Z">
          <reporter-output>
          </reporter-output>
        </test-method> <!-- Guarantees -->
        <test-method status="PASS" signature="SaveAnalysis()[pri:17, instance:enhancement.LightingEU_User@437da279]" name="SaveAnalysis" duration-ms="2275" started-at="2017-05-09T21:40:23Z" finished-at="2017-05-09T21:40:25Z">
          <reporter-output>
          </reporter-output>
        </test-method> <!-- SaveAnalysis -->
        <test-method status="PASS" signature="LaunchAnalysis()[pri:18, instance:enhancement.LightingEU_User@437da279]" name="LaunchAnalysis" duration-ms="65694" started-at="2017-05-09T21:40:25Z" finished-at="2017-05-09T21:41:31Z">
          <reporter-output>
          </reporter-output>
        </test-method> <!-- LaunchAnalysis -->
        <test-method status="PASS" signature="LaunchApproval()[pri:19, instance:enhancement.LightingEU_User@437da279]" name="LaunchApproval" duration-ms="2744" started-at="2017-05-09T21:41:31Z" finished-at="2017-05-09T21:41:34Z">
          <reporter-output>
          </reporter-output>
        </test-method> <!-- LaunchApproval -->
        <test-method status="PASS" signature="Approval()[pri:20, instance:enhancement.LightingEU_User@437da279]" name="Approval" duration-ms="5728" started-at="2017-05-09T21:41:34Z" finished-at="2017-05-09T21:41:40Z">
          <reporter-output>
          </reporter-output>
        </test-method> <!-- Approval -->
        <test-method status="PASS" signature="CommentForApproval()[pri:21, instance:enhancement.LightingEU_User@437da279]" name="CommentForApproval" duration-ms="11479" started-at="2017-05-09T21:41:40Z" finished-at="2017-05-09T21:41:51Z">
          <reporter-output>
          </reporter-output>
        </test-method> <!-- CommentForApproval -->
        <test-method status="PASS" signature="ApprovalLogout()[pri:22, instance:enhancement.LightingEU_User@437da279]" name="ApprovalLogout" duration-ms="5315" started-at="2017-05-09T21:41:51Z" finished-at="2017-05-09T21:41:56Z">
          <reporter-output>
          </reporter-output>
        </test-method> <!-- ApprovalLogout -->
        <test-method status="PASS" signature="FirstLevelSearch()[pri:23, instance:enhancement.LightingEU_User@437da279]" name="FirstLevelSearch" duration-ms="12065" started-at="2017-05-09T21:41:56Z" finished-at="2017-05-09T21:42:08Z">
          <reporter-output>
          </reporter-output>
        </test-method> <!-- FirstLevelSearch -->
        <test-method status="PASS" signature="FirstLevelLogin()[pri:24, instance:enhancement.LightingEU_User@437da279]" name="FirstLevelLogin" duration-ms="3109" started-at="2017-05-09T21:42:08Z" finished-at="2017-05-09T21:42:12Z">
          <reporter-output>
          </reporter-output>
        </test-method> <!-- FirstLevelLogin -->
        <test-method status="PASS" signature="FirstLevelHome()[pri:25, instance:enhancement.LightingEU_User@437da279]" name="FirstLevelHome" duration-ms="5087" started-at="2017-05-09T21:42:12Z" finished-at="2017-05-09T21:42:17Z">
          <reporter-output>
          </reporter-output>
        </test-method> <!-- FirstLevelHome -->
        <test-method status="PASS" signature="FirstLevelApproval()[pri:26, instance:enhancement.LightingEU_User@437da279]" name="FirstLevelApproval" duration-ms="3444" started-at="2017-05-09T21:42:17Z" finished-at="2017-05-09T21:42:20Z">
          <reporter-output>
          </reporter-output>
        </test-method> <!-- FirstLevelApproval -->
        <test-method status="PASS" signature="FirstLevelLevelClick()[pri:27, instance:enhancement.LightingEU_User@437da279]" name="FirstLevelLevelClick" duration-ms="15762" started-at="2017-05-09T21:42:20Z" finished-at="2017-05-09T21:42:36Z">
          <reporter-output>
          </reporter-output>
        </test-method> <!-- FirstLevelLevelClick -->
        <test-method status="PASS" signature="SecondLevelSearch()[pri:28, instance:enhancement.LightingEU_User@437da279]" name="SecondLevelSearch" duration-ms="11720" started-at="2017-05-09T21:42:36Z" finished-at="2017-05-09T21:42:48Z">
          <reporter-output>
          </reporter-output>
        </test-method> <!-- SecondLevelSearch -->
        <test-method status="PASS" signature="SecondLevelLogin()[pri:29, instance:enhancement.LightingEU_User@437da279]" name="SecondLevelLogin" duration-ms="3028" started-at="2017-05-09T21:42:48Z" finished-at="2017-05-09T21:42:51Z">
          <reporter-output>
          </reporter-output>
        </test-method> <!-- SecondLevelLogin -->
        <test-method status="PASS" signature="SecondLevelApproval()[pri:30, instance:enhancement.LightingEU_User@437da279]" name="SecondLevelApproval" duration-ms="26947" started-at="2017-05-09T21:42:51Z" finished-at="2017-05-09T21:43:18Z">
          <reporter-output>
          </reporter-output>
        </test-method> <!-- SecondLevelApproval -->
      </class> <!-- enhancement.LightingEU_User -->
    </test> <!-- Default test -->
  </suite> <!-- Default suite -->
</testng-results>
