<?xml version="1.0" encoding="UTF-8"?>
<testng-results skipped="0" failed="0" ignored="0" total="36" passed="36">
  <reporter-output>
  </reporter-output>
  <suite name="Default suite" duration-ms="380982" started-at="2017-04-28T16:02:08Z" finished-at="2017-04-28T16:08:29Z">
    <groups>
    </groups>
    <test name="Default test" duration-ms="380982" started-at="2017-04-28T16:02:08Z" finished-at="2017-04-28T16:08:29Z">
      <class name="enhancement.LightingAM_User">
        <test-method status="PASS" signature="Login()[pri:1, instance:enhancement.LightingAM_User@437da279]" name="Login" duration-ms="15399" started-at="2017-04-28T21:32:08Z" finished-at="2017-04-28T21:32:23Z">
          <reporter-output>
          </reporter-output>
        </test-method> <!-- Login -->
        <test-method status="PASS" signature="AMUserSearch()[pri:2, instance:enhancement.LightingAM_User@437da279]" name="AMUserSearch" duration-ms="22432" started-at="2017-04-28T21:32:23Z" finished-at="2017-04-28T21:32:46Z">
          <reporter-output>
          </reporter-output>
        </test-method> <!-- AMUserSearch -->
        <test-method status="PASS" signature="AMUserDetails()[pri:3, instance:enhancement.LightingAM_User@437da279]" name="AMUserDetails" duration-ms="3833" started-at="2017-04-28T21:32:46Z" finished-at="2017-04-28T21:32:50Z">
          <reporter-output>
          </reporter-output>
        </test-method> <!-- AMUserDetails -->
        <test-method status="PASS" signature="AMUserLogin()[pri:4, instance:enhancement.LightingAM_User@437da279]" name="AMUserLogin" duration-ms="8311" started-at="2017-04-28T21:32:50Z" finished-at="2017-04-28T21:32:58Z">
          <reporter-output>
          </reporter-output>
        </test-method> <!-- AMUserLogin -->
        <test-method status="PASS" signature="Opportunities()[pri:5, instance:enhancement.LightingAM_User@437da279]" name="Opportunities" duration-ms="4512" started-at="2017-04-28T21:32:58Z" finished-at="2017-04-28T21:33:02Z">
          <reporter-output>
          </reporter-output>
        </test-method> <!-- Opportunities -->
        <test-method status="PASS" signature="CreateOpportunity()[pri:6, instance:enhancement.LightingAM_User@437da279]" name="CreateOpportunity" duration-ms="1736" started-at="2017-04-28T21:33:02Z" finished-at="2017-04-28T21:33:04Z">
          <reporter-output>
          </reporter-output>
        </test-method> <!-- CreateOpportunity -->
        <test-method status="PASS" signature="CreateNewOpportunity()[pri:7, instance:enhancement.LightingAM_User@437da279]" name="CreateNewOpportunity" duration-ms="10380" started-at="2017-04-28T21:33:04Z" finished-at="2017-04-28T21:33:14Z">
          <reporter-output>
          </reporter-output>
        </test-method> <!-- CreateNewOpportunity -->
        <test-method status="PASS" signature="TenantName()[pri:8, instance:enhancement.LightingAM_User@437da279]" name="TenantName" duration-ms="13328" started-at="2017-04-28T21:33:14Z" finished-at="2017-04-28T21:33:28Z">
          <reporter-output>
          </reporter-output>
        </test-method> <!-- TenantName -->
        <test-method status="PASS" signature="Units()[pri:9, instance:enhancement.LightingAM_User@437da279]" name="Units" duration-ms="2991" started-at="2017-04-28T21:33:28Z" finished-at="2017-04-28T21:33:31Z">
          <reporter-output>
          </reporter-output>
        </test-method> <!-- Units -->
        <test-method status="PASS" signature="Analysis()[pri:10, instance:enhancement.LightingAM_User@437da279]" name="Analysis" duration-ms="5470" started-at="2017-04-28T21:33:31Z" finished-at="2017-04-28T21:33:36Z">
          <reporter-output>
          </reporter-output>
        </test-method> <!-- Analysis -->
        <test-method status="PASS" signature="ClickAnalysis()[pri:11, instance:enhancement.LightingAM_User@437da279]" name="ClickAnalysis" duration-ms="2244" started-at="2017-04-28T21:33:36Z" finished-at="2017-04-28T21:33:38Z">
          <reporter-output>
          </reporter-output>
        </test-method> <!-- ClickAnalysis -->
        <test-method status="PASS" signature="NewAnalysis()[pri:12, instance:enhancement.LightingAM_User@437da279]" name="NewAnalysis" duration-ms="3467" started-at="2017-04-28T21:33:38Z" finished-at="2017-04-28T21:33:42Z">
          <reporter-output>
          </reporter-output>
        </test-method> <!-- NewAnalysis -->
        <test-method status="PASS" signature="UnitsAndSetup()[pri:13, instance:enhancement.LightingAM_User@437da279]" name="UnitsAndSetup" duration-ms="3971" started-at="2017-04-28T21:33:42Z" finished-at="2017-04-28T21:33:46Z">
          <reporter-output>
          </reporter-output>
        </test-method> <!-- UnitsAndSetup -->
        <test-method status="PASS" signature="Budget()[pri:14, instance:enhancement.LightingAM_User@437da279]" name="Budget" duration-ms="2233" started-at="2017-04-28T21:33:46Z" finished-at="2017-04-28T21:33:48Z">
          <reporter-output>
          </reporter-output>
        </test-method> <!-- Budget -->
        <test-method status="PASS" signature="RentsAndIncentive()[pri:15, instance:enhancement.LightingAM_User@437da279]" name="RentsAndIncentive" duration-ms="4109" started-at="2017-04-28T21:33:48Z" finished-at="2017-04-28T21:33:52Z">
          <reporter-output>
          </reporter-output>
        </test-method> <!-- RentsAndIncentive -->
        <test-method status="PASS" signature="Securities()[pri:16, instance:enhancement.LightingAM_User@437da279]" name="Securities" duration-ms="2963" started-at="2017-04-28T21:33:52Z" finished-at="2017-04-28T21:33:55Z">
          <reporter-output>
          </reporter-output>
        </test-method> <!-- Securities -->
        <test-method status="PASS" signature="SaveAnalysis()[pri:17, instance:enhancement.LightingAM_User@437da279]" name="SaveAnalysis" duration-ms="2232" started-at="2017-04-28T21:33:55Z" finished-at="2017-04-28T21:33:57Z">
          <reporter-output>
          </reporter-output>
        </test-method> <!-- SaveAnalysis -->
        <test-method status="PASS" signature="LaunchAnalysis()[pri:18, instance:enhancement.LightingAM_User@437da279]" name="LaunchAnalysis" duration-ms="64825" started-at="2017-04-28T21:33:57Z" finished-at="2017-04-28T21:35:02Z">
          <reporter-output>
          </reporter-output>
        </test-method> <!-- LaunchAnalysis -->
        <test-method status="PASS" signature="LaunchApproval()[pri:19, instance:enhancement.LightingAM_User@437da279]" name="LaunchApproval" duration-ms="2862" started-at="2017-04-28T21:35:02Z" finished-at="2017-04-28T21:35:05Z">
          <reporter-output>
          </reporter-output>
        </test-method> <!-- LaunchApproval -->
        <test-method status="PASS" signature="Approval()[pri:20, instance:enhancement.LightingAM_User@437da279]" name="Approval" duration-ms="5047" started-at="2017-04-28T21:35:05Z" finished-at="2017-04-28T21:35:10Z">
          <reporter-output>
          </reporter-output>
        </test-method> <!-- Approval -->
        <test-method status="PASS" signature="CommentForApproval()[pri:21, instance:enhancement.LightingAM_User@437da279]" name="CommentForApproval" duration-ms="12798" started-at="2017-04-28T21:35:10Z" finished-at="2017-04-28T21:35:23Z">
          <reporter-output>
          </reporter-output>
        </test-method> <!-- CommentForApproval -->
        <test-method status="PASS" signature="ApprovalLogout()[pri:22, instance:enhancement.LightingAM_User@437da279]" name="ApprovalLogout" duration-ms="5475" started-at="2017-04-28T21:35:23Z" finished-at="2017-04-28T21:35:28Z">
          <reporter-output>
          </reporter-output>
        </test-method> <!-- ApprovalLogout -->
        <test-method status="PASS" signature="FirtLevelSearch()[pri:23, instance:enhancement.LightingAM_User@437da279]" name="FirtLevelSearch" duration-ms="21098" started-at="2017-04-28T21:35:28Z" finished-at="2017-04-28T21:35:50Z">
          <reporter-output>
          </reporter-output>
        </test-method> <!-- FirtLevelSearch -->
        <test-method status="PASS" signature="FirstLevelLogin()[pri:24, instance:enhancement.LightingAM_User@437da279]" name="FirstLevelLogin" duration-ms="4037" started-at="2017-04-28T21:35:50Z" finished-at="2017-04-28T21:35:54Z">
          <reporter-output>
          </reporter-output>
        </test-method> <!-- FirstLevelLogin -->
        <test-method status="PASS" signature="FirstLevelHome()[pri:25, instance:enhancement.LightingAM_User@437da279]" name="FirstLevelHome" duration-ms="7045" started-at="2017-04-28T21:35:54Z" finished-at="2017-04-28T21:36:01Z">
          <reporter-output>
          </reporter-output>
        </test-method> <!-- FirstLevelHome -->
        <test-method status="PASS" signature="FirstLevelApproval()[pri:26, instance:enhancement.LightingAM_User@437da279]" name="FirstLevelApproval" duration-ms="4586" started-at="2017-04-28T21:36:01Z" finished-at="2017-04-28T21:36:05Z">
          <reporter-output>
          </reporter-output>
        </test-method> <!-- FirstLevelApproval -->
        <test-method status="PASS" signature="FirstLevelLevelClick()[pri:27, instance:enhancement.LightingAM_User@437da279]" name="FirstLevelLevelClick" duration-ms="12107" started-at="2017-04-28T21:36:05Z" finished-at="2017-04-28T21:36:17Z">
          <reporter-output>
          </reporter-output>
        </test-method> <!-- FirstLevelLevelClick -->
        <test-method status="PASS" signature="SecondLevelSearch()[pri:28, instance:enhancement.LightingAM_User@437da279]" name="SecondLevelSearch" duration-ms="14667" started-at="2017-04-28T21:36:17Z" finished-at="2017-04-28T21:36:32Z">
          <reporter-output>
          </reporter-output>
        </test-method> <!-- SecondLevelSearch -->
        <test-method status="PASS" signature="SecondLevelLogin()[pri:29, instance:enhancement.LightingAM_User@437da279]" name="SecondLevelLogin" duration-ms="3270" started-at="2017-04-28T21:36:32Z" finished-at="2017-04-28T21:36:35Z">
          <reporter-output>
          </reporter-output>
        </test-method> <!-- SecondLevelLogin -->
        <test-method status="PASS" signature="SecondLevelApproval()[pri:30, instance:enhancement.LightingAM_User@437da279]" name="SecondLevelApproval" duration-ms="32944" started-at="2017-04-28T21:36:35Z" finished-at="2017-04-28T21:37:08Z">
          <reporter-output>
          </reporter-output>
        </test-method> <!-- SecondLevelApproval -->
        <test-method status="PASS" signature="ThirdLevelSearch()[pri:31, instance:enhancement.LightingAM_User@437da279]" name="ThirdLevelSearch" duration-ms="8424" started-at="2017-04-28T21:37:08Z" finished-at="2017-04-28T21:37:17Z">
          <reporter-output>
          </reporter-output>
        </test-method> <!-- ThirdLevelSearch -->
        <test-method status="PASS" signature="ThirdLevelLogin()[pri:32, instance:enhancement.LightingAM_User@437da279]" name="ThirdLevelLogin" duration-ms="3311" started-at="2017-04-28T21:37:17Z" finished-at="2017-04-28T21:37:20Z">
          <reporter-output>
          </reporter-output>
        </test-method> <!-- ThirdLevelLogin -->
        <test-method status="PASS" signature="ThirdLevelApproval()[pri:33, instance:enhancement.LightingAM_User@437da279]" name="ThirdLevelApproval" duration-ms="36381" started-at="2017-04-28T21:37:20Z" finished-at="2017-04-28T21:37:56Z">
          <reporter-output>
          </reporter-output>
        </test-method> <!-- ThirdLevelApproval -->
        <test-method status="PASS" signature="FourthLevelSearch()[pri:34, instance:enhancement.LightingAM_User@437da279]" name="FourthLevelSearch" duration-ms="8558" started-at="2017-04-28T21:37:56Z" finished-at="2017-04-28T21:38:05Z">
          <reporter-output>
          </reporter-output>
        </test-method> <!-- FourthLevelSearch -->
        <test-method status="PASS" signature="FourthLevelLogin()[pri:35, instance:enhancement.LightingAM_User@437da279]" name="FourthLevelLogin" duration-ms="3734" started-at="2017-04-28T21:38:05Z" finished-at="2017-04-28T21:38:09Z">
          <reporter-output>
          </reporter-output>
        </test-method> <!-- FourthLevelLogin -->
        <test-method status="PASS" signature="FourthLevelApproval()[pri:36, instance:enhancement.LightingAM_User@437da279]" name="FourthLevelApproval" duration-ms="20109" started-at="2017-04-28T21:38:09Z" finished-at="2017-04-28T21:38:29Z">
          <reporter-output>
          </reporter-output>
        </test-method> <!-- FourthLevelApproval -->
      </class> <!-- enhancement.LightingAM_User -->
    </test> <!-- Default test -->
  </suite> <!-- Default suite -->
</testng-results>
