<?xml version="1.0" encoding="UTF-8"?>
<testng-results skipped="0" failed="0" ignored="1" total="20" passed="19">
  <reporter-output>
  </reporter-output>
  <suite name="Default suite" duration-ms="280528" started-at="2017-06-14T15:03:41Z" finished-at="2017-06-14T15:08:22Z">
    <groups>
    </groups>
    <test name="Default test" duration-ms="280528" started-at="2017-06-14T15:03:41Z" finished-at="2017-06-14T15:08:22Z">
      <class name="enhancement.Acquisition">
        <test-method status="PASS" signature="Login()[pri:1, instance:enhancement.Acquisition@437da279]" name="Login" duration-ms="15095" started-at="2017-06-14T20:33:41Z" finished-at="2017-06-14T20:33:56Z">
          <reporter-output>
          </reporter-output>
        </test-method> <!-- Login -->
        <test-method status="PASS" signature="AMUserSearch()[pri:2, instance:enhancement.Acquisition@437da279]" name="AMUserSearch" duration-ms="17547" started-at="2017-06-14T20:33:56Z" finished-at="2017-06-14T20:34:14Z">
          <reporter-output>
          </reporter-output>
        </test-method> <!-- AMUserSearch -->
        <test-method status="PASS" signature="AMUserDetails()[pri:3, instance:enhancement.Acquisition@437da279]" name="AMUserDetails" duration-ms="3138" started-at="2017-06-14T20:34:14Z" finished-at="2017-06-14T20:34:17Z">
          <reporter-output>
          </reporter-output>
        </test-method> <!-- AMUserDetails -->
        <test-method status="PASS" signature="AMUserLogin()[pri:4, instance:enhancement.Acquisition@437da279]" name="AMUserLogin" duration-ms="45748" started-at="2017-06-14T20:34:17Z" finished-at="2017-06-14T20:35:03Z">
          <reporter-output>
          </reporter-output>
        </test-method> <!-- AMUserLogin -->
        <test-method status="PASS" signature="AcquisitionClick()[pri:5, instance:enhancement.Acquisition@437da279]" name="AcquisitionClick" duration-ms="2182" started-at="2017-06-14T20:35:03Z" finished-at="2017-06-14T20:35:05Z">
          <reporter-output>
          </reporter-output>
        </test-method> <!-- AcquisitionClick -->
        <test-method status="PASS" signature="CreateNewDeal()[pri:6, instance:enhancement.Acquisition@437da279]" name="CreateNewDeal" duration-ms="11815" started-at="2017-06-14T20:35:05Z" finished-at="2017-06-14T20:35:17Z">
          <reporter-output>
          </reporter-output>
        </test-method> <!-- CreateNewDeal -->
        <test-method status="PASS" signature="CreateNewDealclick()[pri:7, instance:enhancement.Acquisition@437da279]" name="CreateNewDealclick" duration-ms="5127" started-at="2017-06-14T20:35:17Z" finished-at="2017-06-14T20:35:22Z">
          <reporter-output>
          </reporter-output>
        </test-method> <!-- CreateNewDealclick -->
        <test-method status="PASS" signature="CreateNewAcquisitionDeal()[pri:8, instance:enhancement.Acquisition@437da279]" name="CreateNewAcquisitionDeal" duration-ms="28325" started-at="2017-06-14T20:35:22Z" finished-at="2017-06-14T20:35:50Z">
          <reporter-output>
          </reporter-output>
        </test-method> <!-- CreateNewAcquisitionDeal -->
        <test-method status="PASS" signature="CreateNewAcquisitionDealSingleBuilding()[pri:9, instance:enhancement.Acquisition@437da279]" name="CreateNewAcquisitionDealSingleBuilding" duration-ms="2553" started-at="2017-06-14T20:35:50Z" finished-at="2017-06-14T20:35:53Z">
          <reporter-output>
          </reporter-output>
        </test-method> <!-- CreateNewAcquisitionDealSingleBuilding -->
        <test-method status="PASS" signature="CreateNewDealName()[pri:10, instance:enhancement.Acquisition@437da279]" name="CreateNewDealName" duration-ms="2632" started-at="2017-06-14T20:35:53Z" finished-at="2017-06-14T20:35:55Z">
          <reporter-output>
          </reporter-output>
        </test-method> <!-- CreateNewDealName -->
        <test-method status="PASS" signature="AssetAttribute()[pri:12, instance:enhancement.Acquisition@437da279]" name="AssetAttribute" duration-ms="5302" started-at="2017-06-14T20:35:55Z" finished-at="2017-06-14T20:36:01Z">
          <reporter-output>
          </reporter-output>
        </test-method> <!-- AssetAttribute -->
        <test-method status="PASS" signature="WaitForFrame()[pri:13, instance:enhancement.Acquisition@437da279]" name="WaitForFrame" duration-ms="66845" started-at="2017-06-14T20:36:01Z" finished-at="2017-06-14T20:37:07Z">
          <reporter-output>
          </reporter-output>
        </test-method> <!-- WaitForFrame -->
        <test-method status="PASS" signature="SwitchToFrame()[pri:14, instance:enhancement.Acquisition@437da279]" name="SwitchToFrame" duration-ms="62" started-at="2017-06-14T20:37:07Z" finished-at="2017-06-14T20:37:08Z">
          <reporter-output>
          </reporter-output>
        </test-method> <!-- SwitchToFrame -->
        <test-method status="PASS" signature="AssetAttributeclick()[pri:15, instance:enhancement.Acquisition@437da279]" name="AssetAttributeclick" duration-ms="60366" started-at="2017-06-14T20:37:08Z" finished-at="2017-06-14T20:38:08Z">
          <reporter-output>
          </reporter-output>
        </test-method> <!-- AssetAttributeclick -->
        <test-method status="PASS" signature="AssetAttributeclickAgain()[pri:16, instance:enhancement.Acquisition@437da279]" name="AssetAttributeclickAgain" duration-ms="87" started-at="2017-06-14T20:38:08Z" finished-at="2017-06-14T20:38:08Z">
          <reporter-output>
          </reporter-output>
        </test-method> <!-- AssetAttributeclickAgain -->
        <test-method status="PASS" signature="AssetAttributedetails()[pri:16, instance:enhancement.Acquisition@437da279]" name="AssetAttributedetails" duration-ms="5066" started-at="2017-06-14T20:38:08Z" finished-at="2017-06-14T20:38:13Z">
          <reporter-output>
          </reporter-output>
        </test-method> <!-- AssetAttributedetails -->
        <test-method status="PASS" signature="FinanceAttribute()[pri:17, instance:enhancement.Acquisition@437da279]" name="FinanceAttribute" duration-ms="3957" started-at="2017-06-14T20:38:13Z" finished-at="2017-06-14T20:38:17Z">
          <reporter-output>
          </reporter-output>
        </test-method> <!-- FinanceAttribute -->
        <test-method status="PASS" signature="FinanceAttributeValidation()[pri:18, instance:enhancement.Acquisition@437da279]" name="FinanceAttributeValidation" duration-ms="2313" started-at="2017-06-14T20:38:17Z" finished-at="2017-06-14T20:38:19Z">
          <reporter-output>
          </reporter-output>
        </test-method> <!-- FinanceAttributeValidation -->
        <test-method status="PASS" signature="SaveDeal()[pri:19, instance:enhancement.Acquisition@437da279]" name="SaveDeal" duration-ms="2303" started-at="2017-06-14T20:38:19Z" finished-at="2017-06-14T20:38:22Z">
          <reporter-output>
          </reporter-output>
        </test-method> <!-- SaveDeal -->
      </class> <!-- enhancement.Acquisition -->
    </test> <!-- Default test -->
  </suite> <!-- Default suite -->
</testng-results>
