<?xml version="1.0" encoding="UTF-8"?>
<testng-results skipped="0" failed="0" ignored="22" total="28" passed="6">
  <reporter-output>
  </reporter-output>
  <suite name="Default suite" duration-ms="80390" started-at="2017-04-26T16:28:59Z" finished-at="2017-04-26T16:30:19Z">
    <groups>
    </groups>
    <test name="Default test" duration-ms="80390" started-at="2017-04-26T16:28:59Z" finished-at="2017-04-26T16:30:19Z">
      <class name="enhancement.LightingAM_User">
        <test-method status="PASS" signature="Login()[pri:1, instance:enhancement.LightingAM_User@23c30a20]" name="Login" duration-ms="14729" started-at="2017-04-26T21:58:59Z" finished-at="2017-04-26T21:59:13Z">
          <reporter-output>
          </reporter-output>
        </test-method> <!-- Login -->
        <test-method status="PASS" signature="FirstLevelSearch()[pri:24, instance:enhancement.LightingAM_User@23c30a20]" name="FirstLevelSearch" duration-ms="22483" started-at="2017-04-26T21:59:13Z" finished-at="2017-04-26T21:59:36Z">
          <reporter-output>
          </reporter-output>
        </test-method> <!-- FirstLevelSearch -->
        <test-method status="PASS" signature="FirstLevelLogin()[pri:25, instance:enhancement.LightingAM_User@23c30a20]" name="FirstLevelLogin" duration-ms="7590" started-at="2017-04-26T21:59:36Z" finished-at="2017-04-26T21:59:44Z">
          <reporter-output>
          </reporter-output>
        </test-method> <!-- FirstLevelLogin -->
        <test-method status="PASS" signature="FirstLevelHome()[pri:26, instance:enhancement.LightingAM_User@23c30a20]" name="FirstLevelHome" duration-ms="18842" started-at="2017-04-26T21:59:44Z" finished-at="2017-04-26T22:00:02Z">
          <reporter-output>
          </reporter-output>
        </test-method> <!-- FirstLevelHome -->
        <test-method status="PASS" signature="FirstLevelApproval()[pri:27, instance:enhancement.LightingAM_User@23c30a20]" name="FirstLevelApproval" duration-ms="3507" started-at="2017-04-26T22:00:02Z" finished-at="2017-04-26T22:00:06Z">
          <reporter-output>
          </reporter-output>
        </test-method> <!-- FirstLevelApproval -->
        <test-method status="PASS" signature="FirstLevelLevelClick()[pri:28, instance:enhancement.LightingAM_User@23c30a20]" name="FirstLevelLevelClick" duration-ms="13196" started-at="2017-04-26T22:00:06Z" finished-at="2017-04-26T22:00:19Z">
          <reporter-output>
          </reporter-output>
        </test-method> <!-- FirstLevelLevelClick -->
      </class> <!-- enhancement.LightingAM_User -->
    </test> <!-- Default test -->
  </suite> <!-- Default suite -->
</testng-results>
