<?xml version="1.0" encoding="UTF-8"?>
<testng-results skipped="0" failed="0" ignored="0" total="20" passed="20">
  <reporter-output>
  </reporter-output>
  <suite name="Default suite" duration-ms="158594" started-at="2017-05-11T16:07:08Z" finished-at="2017-05-11T16:09:46Z">
    <groups>
    </groups>
    <test name="Default test" duration-ms="158594" started-at="2017-05-11T16:07:08Z" finished-at="2017-05-11T16:09:46Z">
      <class name="enhancement.LightingNegativeScenario">
        <test-method status="PASS" signature="Login()[pri:1, instance:enhancement.LightingNegativeScenario@437da279]" name="Login" duration-ms="13746" started-at="2017-05-11T21:37:08Z" finished-at="2017-05-11T21:37:21Z">
          <reporter-output>
          </reporter-output>
        </test-method> <!-- Login -->
        <test-method status="PASS" signature="AMUserSearch()[pri:2, instance:enhancement.LightingNegativeScenario@437da279]" name="AMUserSearch" duration-ms="17180" started-at="2017-05-11T21:37:21Z" finished-at="2017-05-11T21:37:39Z">
          <reporter-output>
          </reporter-output>
        </test-method> <!-- AMUserSearch -->
        <test-method status="PASS" signature="AMUserDetails()[pri:3, instance:enhancement.LightingNegativeScenario@437da279]" name="AMUserDetails" duration-ms="2535" started-at="2017-05-11T21:37:39Z" finished-at="2017-05-11T21:37:41Z">
          <reporter-output>
          </reporter-output>
        </test-method> <!-- AMUserDetails -->
        <test-method status="PASS" signature="AMUserLogin()[pri:4, instance:enhancement.LightingNegativeScenario@437da279]" name="AMUserLogin" duration-ms="9187" started-at="2017-05-11T21:37:41Z" finished-at="2017-05-11T21:37:50Z">
          <reporter-output>
          </reporter-output>
        </test-method> <!-- AMUserLogin -->
        <test-method status="PASS" signature="Opportunities()[pri:5, instance:enhancement.LightingNegativeScenario@437da279]" name="Opportunities" duration-ms="4942" started-at="2017-05-11T21:37:50Z" finished-at="2017-05-11T21:37:55Z">
          <reporter-output>
          </reporter-output>
        </test-method> <!-- Opportunities -->
        <test-method status="PASS" signature="CreateOpportunity()[pri:6, instance:enhancement.LightingNegativeScenario@437da279]" name="CreateOpportunity" duration-ms="4321" started-at="2017-05-11T21:37:55Z" finished-at="2017-05-11T21:38:00Z">
          <reporter-output>
          </reporter-output>
        </test-method> <!-- CreateOpportunity -->
        <test-method status="PASS" signature="CreateNewOpportunity()[pri:7, instance:enhancement.LightingNegativeScenario@437da279]" name="CreateNewOpportunity" duration-ms="7081" started-at="2017-05-11T21:38:00Z" finished-at="2017-05-11T21:38:07Z">
          <reporter-output>
          </reporter-output>
        </test-method> <!-- CreateNewOpportunity -->
        <test-method status="PASS" signature="Units()[pri:8, instance:enhancement.LightingNegativeScenario@437da279]" name="Units" duration-ms="4734" started-at="2017-05-11T21:38:07Z" finished-at="2017-05-11T21:38:11Z">
          <reporter-output>
          </reporter-output>
        </test-method> <!-- Units -->
        <test-method status="PASS" signature="Analysis()[pri:9, instance:enhancement.LightingNegativeScenario@437da279]" name="Analysis" duration-ms="4398" started-at="2017-05-11T21:38:11Z" finished-at="2017-05-11T21:38:16Z">
          <reporter-output>
          </reporter-output>
        </test-method> <!-- Analysis -->
        <test-method status="PASS" signature="ClickAnalysis()[pri:10, instance:enhancement.LightingNegativeScenario@437da279]" name="ClickAnalysis" duration-ms="2271" started-at="2017-05-11T21:38:16Z" finished-at="2017-05-11T21:38:18Z">
          <reporter-output>
          </reporter-output>
        </test-method> <!-- ClickAnalysis -->
        <test-method status="PASS" signature="NewAnalysis()[pri:11, instance:enhancement.LightingNegativeScenario@437da279]" name="NewAnalysis" duration-ms="3427" started-at="2017-05-11T21:38:18Z" finished-at="2017-05-11T21:38:21Z">
          <reporter-output>
          </reporter-output>
        </test-method> <!-- NewAnalysis -->
        <test-method status="PASS" signature="UnitsAndSetup()[pri:12, instance:enhancement.LightingNegativeScenario@437da279]" name="UnitsAndSetup" duration-ms="4012" started-at="2017-05-11T21:38:21Z" finished-at="2017-05-11T21:38:25Z">
          <reporter-output>
          </reporter-output>
        </test-method> <!-- UnitsAndSetup -->
        <test-method status="PASS" signature="Budget()[pri:13, instance:enhancement.LightingNegativeScenario@437da279]" name="Budget" duration-ms="2238" started-at="2017-05-11T21:38:25Z" finished-at="2017-05-11T21:38:28Z">
          <reporter-output>
          </reporter-output>
        </test-method> <!-- Budget -->
        <test-method status="PASS" signature="RentsAndIncentive()[pri:14, instance:enhancement.LightingNegativeScenario@437da279]" name="RentsAndIncentive" duration-ms="4104" started-at="2017-05-11T21:38:28Z" finished-at="2017-05-11T21:38:32Z">
          <reporter-output>
          </reporter-output>
        </test-method> <!-- RentsAndIncentive -->
        <test-method status="PASS" signature="Securities()[pri:15, instance:enhancement.LightingNegativeScenario@437da279]" name="Securities" duration-ms="2802" started-at="2017-05-11T21:38:32Z" finished-at="2017-05-11T21:38:35Z">
          <reporter-output>
          </reporter-output>
        </test-method> <!-- Securities -->
        <test-method status="PASS" signature="SaveAnalysis()[pri:16, instance:enhancement.LightingNegativeScenario@437da279]" name="SaveAnalysis" duration-ms="2256" started-at="2017-05-11T21:38:35Z" finished-at="2017-05-11T21:38:37Z">
          <reporter-output>
          </reporter-output>
        </test-method> <!-- SaveAnalysis -->
        <test-method status="PASS" signature="LaunchAnalysis()[pri:17, instance:enhancement.LightingNegativeScenario@437da279]" name="LaunchAnalysis" duration-ms="63974" started-at="2017-05-11T21:38:37Z" finished-at="2017-05-11T21:39:41Z">
          <reporter-output>
          </reporter-output>
        </test-method> <!-- LaunchAnalysis -->
        <test-method status="PASS" signature="LaunchApproval()[pri:18, instance:enhancement.LightingNegativeScenario@437da279]" name="LaunchApproval" duration-ms="2712" started-at="2017-05-11T21:39:41Z" finished-at="2017-05-11T21:39:44Z">
          <reporter-output>
          </reporter-output>
        </test-method> <!-- LaunchApproval -->
        <test-method status="PASS" signature="Overview()[pri:19, instance:enhancement.LightingNegativeScenario@437da279]" name="Overview" duration-ms="2496" started-at="2017-05-11T21:39:44Z" finished-at="2017-05-11T21:39:46Z">
          <reporter-output>
          </reporter-output>
        </test-method> <!-- Overview -->
        <test-method status="PASS" signature="TenantNameError()[pri:20, instance:enhancement.LightingNegativeScenario@437da279]" name="TenantNameError" duration-ms="105" started-at="2017-05-11T21:39:46Z" finished-at="2017-05-11T21:39:46Z">
          <reporter-output>
          </reporter-output>
        </test-method> <!-- TenantNameError -->
      </class> <!-- enhancement.LightingNegativeScenario -->
    </test> <!-- Default test -->
  </suite> <!-- Default suite -->
</testng-results>
