<?xml version="1.0" encoding="UTF-8"?>
<testng-results skipped="0" failed="0" ignored="0" total="20" passed="20">
  <reporter-output>
  </reporter-output>
  <suite name="Default suite" duration-ms="170686" started-at="2017-04-29T11:27:49Z" finished-at="2017-04-29T11:30:40Z">
    <groups>
    </groups>
    <test name="Default test" duration-ms="170686" started-at="2017-04-29T11:27:49Z" finished-at="2017-04-29T11:30:40Z">
      <class name="enhancement.LightingNegativeScenario">
        <test-method status="PASS" signature="Login()[pri:1, instance:enhancement.LightingNegativeScenario@437da279]" name="Login" duration-ms="16514" started-at="2017-04-29T16:57:49Z" finished-at="2017-04-29T16:58:05Z">
          <reporter-output>
          </reporter-output>
        </test-method> <!-- Login -->
        <test-method status="PASS" signature="AMUserSearch()[pri:2, instance:enhancement.LightingNegativeScenario@437da279]" name="AMUserSearch" duration-ms="20930" started-at="2017-04-29T16:58:05Z" finished-at="2017-04-29T16:58:26Z">
          <reporter-output>
          </reporter-output>
        </test-method> <!-- AMUserSearch -->
        <test-method status="PASS" signature="AMUserDetails()[pri:3, instance:enhancement.LightingNegativeScenario@437da279]" name="AMUserDetails" duration-ms="4294" started-at="2017-04-29T16:58:26Z" finished-at="2017-04-29T16:58:31Z">
          <reporter-output>
          </reporter-output>
        </test-method> <!-- AMUserDetails -->
        <test-method status="PASS" signature="AMUserLogin()[pri:4, instance:enhancement.LightingNegativeScenario@437da279]" name="AMUserLogin" duration-ms="7686" started-at="2017-04-29T16:58:31Z" finished-at="2017-04-29T16:58:38Z">
          <reporter-output>
          </reporter-output>
        </test-method> <!-- AMUserLogin -->
        <test-method status="PASS" signature="Opportunities()[pri:5, instance:enhancement.LightingNegativeScenario@437da279]" name="Opportunities" duration-ms="7547" started-at="2017-04-29T16:58:38Z" finished-at="2017-04-29T16:58:46Z">
          <reporter-output>
          </reporter-output>
        </test-method> <!-- Opportunities -->
        <test-method status="PASS" signature="CreateOpportunity()[pri:6, instance:enhancement.LightingNegativeScenario@437da279]" name="CreateOpportunity" duration-ms="3427" started-at="2017-04-29T16:58:46Z" finished-at="2017-04-29T16:58:49Z">
          <reporter-output>
          </reporter-output>
        </test-method> <!-- CreateOpportunity -->
        <test-method status="PASS" signature="CreateNewOpportunity()[pri:7, instance:enhancement.LightingNegativeScenario@437da279]" name="CreateNewOpportunity" duration-ms="8932" started-at="2017-04-29T16:58:49Z" finished-at="2017-04-29T16:58:58Z">
          <reporter-output>
          </reporter-output>
        </test-method> <!-- CreateNewOpportunity -->
        <test-method status="PASS" signature="Units()[pri:8, instance:enhancement.LightingNegativeScenario@437da279]" name="Units" duration-ms="4755" started-at="2017-04-29T16:58:58Z" finished-at="2017-04-29T16:59:03Z">
          <reporter-output>
          </reporter-output>
        </test-method> <!-- Units -->
        <test-method status="PASS" signature="Analysis()[pri:9, instance:enhancement.LightingNegativeScenario@437da279]" name="Analysis" duration-ms="4837" started-at="2017-04-29T16:59:03Z" finished-at="2017-04-29T16:59:08Z">
          <reporter-output>
          </reporter-output>
        </test-method> <!-- Analysis -->
        <test-method status="PASS" signature="ClickAnalysis()[pri:10, instance:enhancement.LightingNegativeScenario@437da279]" name="ClickAnalysis" duration-ms="2255" started-at="2017-04-29T16:59:08Z" finished-at="2017-04-29T16:59:10Z">
          <reporter-output>
          </reporter-output>
        </test-method> <!-- ClickAnalysis -->
        <test-method status="PASS" signature="NewAnalysis()[pri:11, instance:enhancement.LightingNegativeScenario@437da279]" name="NewAnalysis" duration-ms="3400" started-at="2017-04-29T16:59:10Z" finished-at="2017-04-29T16:59:14Z">
          <reporter-output>
          </reporter-output>
        </test-method> <!-- NewAnalysis -->
        <test-method status="PASS" signature="UnitsAndSetup()[pri:12, instance:enhancement.LightingNegativeScenario@437da279]" name="UnitsAndSetup" duration-ms="3954" started-at="2017-04-29T16:59:14Z" finished-at="2017-04-29T16:59:18Z">
          <reporter-output>
          </reporter-output>
        </test-method> <!-- UnitsAndSetup -->
        <test-method status="PASS" signature="Budget()[pri:13, instance:enhancement.LightingNegativeScenario@437da279]" name="Budget" duration-ms="2244" started-at="2017-04-29T16:59:18Z" finished-at="2017-04-29T16:59:20Z">
          <reporter-output>
          </reporter-output>
        </test-method> <!-- Budget -->
        <test-method status="PASS" signature="RentsAndIncentive()[pri:14, instance:enhancement.LightingNegativeScenario@437da279]" name="RentsAndIncentive" duration-ms="4333" started-at="2017-04-29T16:59:20Z" finished-at="2017-04-29T16:59:24Z">
          <reporter-output>
          </reporter-output>
        </test-method> <!-- RentsAndIncentive -->
        <test-method status="PASS" signature="Securities()[pri:15, instance:enhancement.LightingNegativeScenario@437da279]" name="Securities" duration-ms="2830" started-at="2017-04-29T16:59:24Z" finished-at="2017-04-29T16:59:27Z">
          <reporter-output>
          </reporter-output>
        </test-method> <!-- Securities -->
        <test-method status="PASS" signature="SaveAnalysis()[pri:16, instance:enhancement.LightingNegativeScenario@437da279]" name="SaveAnalysis" duration-ms="2232" started-at="2017-04-29T16:59:27Z" finished-at="2017-04-29T16:59:29Z">
          <reporter-output>
          </reporter-output>
        </test-method> <!-- SaveAnalysis -->
        <test-method status="PASS" signature="LaunchAnalysis()[pri:17, instance:enhancement.LightingNegativeScenario@437da279]" name="LaunchAnalysis" duration-ms="64950" started-at="2017-04-29T16:59:29Z" finished-at="2017-04-29T17:00:34Z">
          <reporter-output>
          </reporter-output>
        </test-method> <!-- LaunchAnalysis -->
        <test-method status="PASS" signature="LaunchApproval()[pri:18, instance:enhancement.LightingNegativeScenario@437da279]" name="LaunchApproval" duration-ms="2761" started-at="2017-04-29T17:00:34Z" finished-at="2017-04-29T17:00:37Z">
          <reporter-output>
          </reporter-output>
        </test-method> <!-- LaunchApproval -->
        <test-method status="PASS" signature="Overview()[pri:19, instance:enhancement.LightingNegativeScenario@437da279]" name="Overview" duration-ms="2611" started-at="2017-04-29T17:00:37Z" finished-at="2017-04-29T17:00:39Z">
          <reporter-output>
          </reporter-output>
        </test-method> <!-- Overview -->
        <test-method status="PASS" signature="TenantNameError()[pri:20, instance:enhancement.LightingNegativeScenario@437da279]" name="TenantNameError" duration-ms="127" started-at="2017-04-29T17:00:39Z" finished-at="2017-04-29T17:00:40Z">
          <reporter-output>
          </reporter-output>
        </test-method> <!-- TenantNameError -->
      </class> <!-- enhancement.LightingNegativeScenario -->
    </test> <!-- Default test -->
  </suite> <!-- Default suite -->
</testng-results>
